Log file open, 06/22/17 09:38:08
LogInit:Display: Running engine for game: CatchACoin
LogPlatformFile: Not using cached read wrapper
LogInit:Display: RandInit(-563934096) SRandInit(-563934095).
LogTaskGraph: Started task graph with 5 named threads and 8 total threads with 1 sets of task threads.
LogStats: Stats thread started at 16.128249
LogPluginManager: Loaded Plugin Paper2D, From C:/Program Files (x86)/Epic Games/4.14/Engine/Plugins/2D/Paper2D/Paper2D.uplugin
LogPluginManager: Loaded Plugin LightPropagationVolume, From C:/Program Files (x86)/Epic Games/4.14/Engine/Plugins/Blendables/LightPropagationVolume/LightPropagationVolume.uplugin
LogPluginManager: Loaded Plugin BlankPlugin, From C:/Program Files (x86)/Epic Games/4.14/Engine/Plugins/Developer/BlankPlugin/BlankPlugin.uplugin
LogPluginManager: Loaded Plugin CodeLiteSourceCodeAccess, From C:/Program Files (x86)/Epic Games/4.14/Engine/Plugins/Developer/CodeLiteSourceCodeAccess/CodeLiteSourceCodeAccess.uplugin
LogPluginManager: Loaded Plugin GitSourceControl, From C:/Program Files (x86)/Epic Games/4.14/Engine/Plugins/Developer/GitSourceControl/GitSourceControl.uplugin
LogPluginManager: Loaded Plugin KDevelopSourceCodeAccess, From C:/Program Files (x86)/Epic Games/4.14/Engine/Plugins/Developer/KDevelopSourceCodeAccess/KDevelopSourceCodeAccess.uplugin
LogPluginManager: Loaded Plugin NullSourceCodeAccess, From C:/Program Files (x86)/Epic Games/4.14/Engine/Plugins/Developer/NullSourceCodeAccess/NullSourceCodeAccess.uplugin
LogPluginManager: Loaded Plugin OneSkyLocalizationService, From C:/Program Files (x86)/Epic Games/4.14/Engine/Plugins/Developer/OneSkyLocalizationService/OneSkyLocalizationService.uplugin
LogPluginManager: Loaded Plugin PerforceSourceControl, From C:/Program Files (x86)/Epic Games/4.14/Engine/Plugins/Developer/PerforceSourceControl/PerforceSourceControl.uplugin
LogPluginManager: Loaded Plugin SubversionSourceControl, From C:/Program Files (x86)/Epic Games/4.14/Engine/Plugins/Developer/SubversionSourceControl/SubversionSourceControl.uplugin
LogPluginManager: Loaded Plugin UObjectPlugin, From C:/Program Files (x86)/Epic Games/4.14/Engine/Plugins/Developer/UObjectPlugin/UObjectPlugin.uplugin
LogPluginManager: Loaded Plugin VisualStudioSourceCodeAccess, From C:/Program Files (x86)/Epic Games/4.14/Engine/Plugins/Developer/VisualStudioSourceCodeAccess/VisualStudioSourceCodeAccess.uplugin
LogPluginManager: Loaded Plugin XCodeSourceCodeAccess, From C:/Program Files (x86)/Epic Games/4.14/Engine/Plugins/Developer/XCodeSourceCodeAccess/XCodeSourceCodeAccess.uplugin
LogPluginManager: Loaded Plugin AudioCapture, From C:/Program Files (x86)/Epic Games/4.14/Engine/Plugins/Editor/AudioCapture/AudioCapture.uplugin
LogPluginManager: Loaded Plugin EpicSurvey, From C:/Program Files (x86)/Epic Games/4.14/Engine/Plugins/Editor/EpicSurvey/EpicSurvey.uplugin
LogPluginManager: Loaded Plugin MacGraphicsSwitching, From C:/Program Files (x86)/Epic Games/4.14/Engine/Plugins/Editor/MacGraphicsSwitching/MacGraphicsSwitching.uplugin
LogPluginManager: Loaded Plugin MobileLauncherProfileWizard, From C:/Program Files (x86)/Epic Games/4.14/Engine/Plugins/Editor/MobileLauncherProfileWizard/MobileLauncherProfileWizard.uplugin
LogPluginManager: Loaded Plugin PluginBrowser, From C:/Program Files (x86)/Epic Games/4.14/Engine/Plugins/Editor/PluginBrowser/PluginBrowser.uplugin
LogPluginManager: Loaded Plugin SpeedTreeImporter, From C:/Program Files (x86)/Epic Games/4.14/Engine/Plugins/Editor/SpeedTreeImporter/SpeedTreeImporter.uplugin
LogPluginManager: Loaded Plugin SuperSearchEditor, From C:/Program Files (x86)/Epic Games/4.14/Engine/Plugins/Editor/SuperSearchEditor/SuperSearchEditor.uplugin
LogPluginManager: Loaded Plugin AlembicImporter, From C:/Program Files (x86)/Epic Games/4.14/Engine/Plugins/Experimental/AlembicImporter/AlembicImporter.uplugin
LogPluginManager: Loaded Plugin BlueprintStats, From C:/Program Files (x86)/Epic Games/4.14/Engine/Plugins/Experimental/BlueprintStats/BlueprintStats.uplugin
LogPluginManager: Loaded Plugin CharacterAI, From C:/Program Files (x86)/Epic Games/4.14/Engine/Plugins/Experimental/CharacterAI/CharacterAI.uplugin
LogPluginManager: Loaded Plugin CodeEditor, From C:/Program Files (x86)/Epic Games/4.14/Engine/Plugins/Experimental/CodeEditor/CodeEditor.uplugin
LogPluginManager: Loaded Plugin CodeView, From C:/Program Files (x86)/Epic Games/4.14/Engine/Plugins/Experimental/CodeView/CodeView.uplugin
LogPluginManager: Loaded Plugin HTML5Networking, From C:/Program Files (x86)/Epic Games/4.14/Engine/Plugins/Experimental/HTML5Networking/HTML5Networking.uplugin
LogPluginManager: Loaded Plugin OSVR, From C:/Program Files (x86)/Epic Games/4.14/Engine/Plugins/Experimental/OSVR/OSVR.uplugin
LogPluginManager: Loaded Plugin Phya, From C:/Program Files (x86)/Epic Games/4.14/Engine/Plugins/Experimental/Phya/Phya.uplugin
LogPluginManager: Loaded Plugin SignificanceManager, From C:/Program Files (x86)/Epic Games/4.14/Engine/Plugins/Experimental/SignificanceManager/SignificanceManager.uplugin
LogPluginManager: Loaded Plugin SimpleHMD, From C:/Program Files (x86)/Epic Games/4.14/Engine/Plugins/Experimental/SimpleHMD/SimpleHMD.uplugin
LogPluginManager: Loaded Plugin StereoPanorama, From C:/Program Files (x86)/Epic Games/4.14/Engine/Plugins/Experimental/StereoPanorama/StereoPanorama.uplugin
LogPluginManager: Loaded Plugin StructBox, From C:/Program Files (x86)/Epic Games/4.14/Engine/Plugins/Experimental/StructBox/StructBox.uplugin
LogPluginManager: Loaded Plugin AndroidMedia, From C:/Program Files (x86)/Epic Games/4.14/Engine/Plugins/Media/AndroidMedia/AndroidMedia.uplugin
LogPluginManager: Loaded Plugin AvfMedia, From C:/Program Files (x86)/Epic Games/4.14/Engine/Plugins/Media/AvfMedia/AvfMedia.uplugin
LogPluginManager: Loaded Plugin MediaPlayerEditor, From C:/Program Files (x86)/Epic Games/4.14/Engine/Plugins/Media/MediaPlayerEditor/MediaPlayerEditor.uplugin
LogPluginManager: Loaded Plugin WmfMedia, From C:/Program Files (x86)/Epic Games/4.14/Engine/Plugins/Media/WmfMedia/WmfMedia.uplugin
LogPluginManager: Loaded Plugin MessagingDebugger, From C:/Program Files (x86)/Epic Games/4.14/Engine/Plugins/Messaging/MessagingDebugger/MessagingDebugger.uplugin
LogPluginManager: Loaded Plugin TcpMessaging, From C:/Program Files (x86)/Epic Games/4.14/Engine/Plugins/Messaging/TcpMessaging/TcpMessaging.uplugin
LogPluginManager: Loaded Plugin UdpMessaging, From C:/Program Files (x86)/Epic Games/4.14/Engine/Plugins/Messaging/UdpMessaging/UdpMessaging.uplugin
LogPluginManager: Loaded Plugin LevelSequenceEditor, From C:/Program Files (x86)/Epic Games/4.14/Engine/Plugins/MovieScene/LevelSequenceEditor/LevelSequenceEditor.uplugin
LogPluginManager: Loaded Plugin MatineeToLevelSequence, From C:/Program Files (x86)/Epic Games/4.14/Engine/Plugins/MovieScene/MatineeToLevelSequence/MatineeToLevelSequence.uplugin
LogPluginManager: Loaded Plugin NetcodeUnitTest, From C:/Program Files (x86)/Epic Games/4.14/Engine/Plugins/NetcodeUnitTest/NetcodeUnitTest/NetcodeUnitTest.uplugin
LogPluginManager: Loaded Plugin NUTUnrealEngine4, From C:/Program Files (x86)/Epic Games/4.14/Engine/Plugins/NetcodeUnitTest/NUTUnrealEngine4/NUTUnrealEngine4.uplugin
LogPluginManager: Loaded Plugin OnlineSubsystemGameCircle, From C:/Program Files (x86)/Epic Games/4.14/Engine/Plugins/Online/Android/OnlineSubsystemGameCircle/OnlineSubsystemGameCircle.uplugin
LogPluginManager: Loaded Plugin OnlineSubsystemGooglePlay, From C:/Program Files (x86)/Epic Games/4.14/Engine/Plugins/Online/Android/OnlineSubsystemGooglePlay/OnlineSubsystemGooglePlay.uplugin
LogPluginManager: Loaded Plugin OnlineSubsystemIOS, From C:/Program Files (x86)/Epic Games/4.14/Engine/Plugins/Online/IOS/OnlineSubsystemIOS/OnlineSubsystemIOS.uplugin
LogPluginManager: Loaded Plugin OnlineFramework, From C:/Program Files (x86)/Epic Games/4.14/Engine/Plugins/Online/OnlineFramework/OnlineFramework.uplugin
LogPluginManager: Loaded Plugin OnlineSubsystem, From C:/Program Files (x86)/Epic Games/4.14/Engine/Plugins/Online/OnlineSubsystem/OnlineSubsystem.uplugin
LogPluginManager: Loaded Plugin OnlineSubsystemAmazon, From C:/Program Files (x86)/Epic Games/4.14/Engine/Plugins/Online/OnlineSubsystemAmazon/OnlineSubsystemAmazon.uplugin
LogPluginManager: Loaded Plugin OnlineSubsystemFacebook, From C:/Program Files (x86)/Epic Games/4.14/Engine/Plugins/Online/OnlineSubsystemFacebook/OnlineSubsystemFacebook.uplugin
LogPluginManager: Loaded Plugin OnlineSubsystemNull, From C:/Program Files (x86)/Epic Games/4.14/Engine/Plugins/Online/OnlineSubsystemNull/OnlineSubsystemNull.uplugin
LogPluginManager: Loaded Plugin OnlineSubsystemOculus, From C:/Program Files (x86)/Epic Games/4.14/Engine/Plugins/Online/OnlineSubsystemOculus/OnlineSubsystemOculus.uplugin
LogPluginManager: Loaded Plugin OnlineSubsystemSteam, From C:/Program Files (x86)/Epic Games/4.14/Engine/Plugins/Online/OnlineSubsystemSteam/OnlineSubsystemSteam.uplugin
LogPluginManager: Loaded Plugin OnlineSubsystemUtils, From C:/Program Files (x86)/Epic Games/4.14/Engine/Plugins/Online/OnlineSubsystemUtils/OnlineSubsystemUtils.uplugin
LogPluginManager: Loaded Plugin IOSTapJoy, From C:/Program Files (x86)/Epic Games/4.14/Engine/Plugins/Runtime/Advertising/IOSTapJoy/IOSTapJoy.uplugin
LogPluginManager: Loaded Plugin AnalyticsBlueprintLibrary, From C:/Program Files (x86)/Epic Games/4.14/Engine/Plugins/Runtime/Analytics/AnalyticsBlueprintLibrary/AnalyticsBlueprintLibrary.uplugin
LogPluginManager: Loaded Plugin AnalyticsMulticast, From C:/Program Files (x86)/Epic Games/4.14/Engine/Plugins/Runtime/Analytics/AnalyticsMulticast/AnalyticsMulticast.uplugin
LogPluginManager: Loaded Plugin Apsalar, From C:/Program Files (x86)/Epic Games/4.14/Engine/Plugins/Runtime/Analytics/Apsalar/Apsalar.uplugin
LogPluginManager: Loaded Plugin FileLogging, From C:/Program Files (x86)/Epic Games/4.14/Engine/Plugins/Runtime/Analytics/FileLogging/FileLogging.uplugin
LogPluginManager: Loaded Plugin Flurry, From C:/Program Files (x86)/Epic Games/4.14/Engine/Plugins/Runtime/Analytics/Flurry/Flurry.uplugin
LogPluginManager: Loaded Plugin AndroidDeviceProfileSelector, From C:/Program Files (x86)/Epic Games/4.14/Engine/Plugins/Runtime/AndroidDeviceProfileSelector/AndroidDeviceProfileSelector.uplugin
LogPluginManager: Loaded Plugin AndroidMoviePlayer, From C:/Program Files (x86)/Epic Games/4.14/Engine/Plugins/Runtime/AndroidMoviePlayer/AndroidMoviePlayer.uplugin
LogPluginManager: Loaded Plugin AppleMoviePlayer, From C:/Program Files (x86)/Epic Games/4.14/Engine/Plugins/Runtime/AppleMoviePlayer/AppleMoviePlayer.uplugin
LogPluginManager: Loaded Plugin ArchVisCharacter, From C:/Program Files (x86)/Epic Games/4.14/Engine/Plugins/Runtime/ArchVisCharacter/ArchVisCharacter.uplugin
LogPluginManager: Loaded Plugin CableComponent, From C:/Program Files (x86)/Epic Games/4.14/Engine/Plugins/Runtime/CableComponent/CableComponent.uplugin
LogPluginManager: Loaded Plugin CustomMeshComponent, From C:/Program Files (x86)/Epic Games/4.14/Engine/Plugins/Runtime/CustomMeshComponent/CustomMeshComponent.uplugin
LogPluginManager: Loaded Plugin ExampleDeviceProfileSelector, From C:/Program Files (x86)/Epic Games/4.14/Engine/Plugins/Runtime/ExampleDeviceProfileSelector/ExampleDeviceProfileSelector.uplugin
LogPluginManager: Loaded Plugin GearVR, From C:/Program Files (x86)/Epic Games/4.14/Engine/Plugins/Runtime/GearVR/GearVR.uplugin
LogPluginManager: Loaded Plugin GoogleVRController, From C:/Program Files (x86)/Epic Games/4.14/Engine/Plugins/Runtime/GoogleVR/GoogleVRController/GoogleVRController.uplugin
LogPluginManager: Loaded Plugin GoogleVRHMD, From C:/Program Files (x86)/Epic Games/4.14/Engine/Plugins/Runtime/GoogleVR/GoogleVRHMD/GoogleVRHMD.uplugin
LogPluginManager: Loaded Plugin IOSDeviceProfileSelector, From C:/Program Files (x86)/Epic Games/4.14/Engine/Plugins/Runtime/IOSDeviceProfileSelector/IOSDeviceProfileSelector.uplugin
LogPluginManager: Loaded Plugin LeapMotion, From C:/Program Files (x86)/Epic Games/4.14/Engine/Plugins/Runtime/LeapMotion/LeapMotion.uplugin
LogPluginManager: Loaded Plugin LinuxDeviceProfileSelector, From C:/Program Files (x86)/Epic Games/4.14/Engine/Plugins/Runtime/LinuxDeviceProfileSelector/LinuxDeviceProfileSelector.uplugin
LogPluginManager: Loaded Plugin MIDIDevice, From C:/Program Files (x86)/Epic Games/4.14/Engine/Plugins/Runtime/MIDIDevice/MIDIDevice.uplugin
LogPluginManager: Loaded Plugin MobilePatchingUtils, From C:/Program Files (x86)/Epic Games/4.14/Engine/Plugins/Runtime/MobilePatchingUtils/MobilePatchingUtils.uplugin
LogPluginManager: Loaded Plugin Ansel, From C:/Program Files (x86)/Epic Games/4.14/Engine/Plugins/Runtime/Nvidia/Ansel/Ansel.uplugin
LogPluginManager: Loaded Plugin OculusAudio, From C:/Program Files (x86)/Epic Games/4.14/Engine/Plugins/Runtime/OculusAudio/OculusAudio.uplugin
LogPluginManager: Loaded Plugin OculusInput, From C:/Program Files (x86)/Epic Games/4.14/Engine/Plugins/Runtime/OculusInput/OculusInput.uplugin
LogPluginManager: Loaded Plugin OculusLibrary, From C:/Program Files (x86)/Epic Games/4.14/Engine/Plugins/Runtime/OculusLibrary/OculusLibrary.uplugin
LogPluginManager: Loaded Plugin OculusRift, From C:/Program Files (x86)/Epic Games/4.14/Engine/Plugins/Runtime/OculusRift/OculusRift.uplugin
LogPluginManager: Loaded Plugin Oodle, From C:/Program Files (x86)/Epic Games/4.14/Engine/Plugins/Runtime/PacketHandlers/CompressionComponents/Oodle/Oodle.uplugin
LogPluginManager: Loaded Plugin ProceduralMeshComponent, From C:/Program Files (x86)/Epic Games/4.14/Engine/Plugins/Runtime/ProceduralMeshComponent/ProceduralMeshComponent.uplugin
LogPluginManager: Loaded Plugin SoundMod, From C:/Program Files (x86)/Epic Games/4.14/Engine/Plugins/Runtime/SoundMod/SoundMod.uplugin
LogPluginManager: Loaded Plugin SoundVisualizations, From C:/Program Files (x86)/Epic Games/4.14/Engine/Plugins/Runtime/SoundVisualizations/SoundVisualizations.uplugin
LogPluginManager: Loaded Plugin SteamController, From C:/Program Files (x86)/Epic Games/4.14/Engine/Plugins/Runtime/Steam/SteamController/SteamController.uplugin
LogPluginManager: Loaded Plugin SteamVR, From C:/Program Files (x86)/Epic Games/4.14/Engine/Plugins/Runtime/Steam/SteamVR/SteamVR.uplugin
LogPluginManager: Loaded Plugin WebBrowserWidget, From C:/Program Files (x86)/Epic Games/4.14/Engine/Plugins/Runtime/WebBrowserWidget/WebBrowserWidget.uplugin
LogPluginManager: Loaded Plugin WindowsDeviceProfileSelector, From C:/Program Files (x86)/Epic Games/4.14/Engine/Plugins/Runtime/WindowsDeviceProfileSelector/WindowsDeviceProfileSelector.uplugin
LogPluginManager: Loaded Plugin WindowsMoviePlayer, From C:/Program Files (x86)/Epic Games/4.14/Engine/Plugins/Runtime/WindowsMoviePlayer/WindowsMoviePlayer.uplugin
LogPluginManager: Loaded Plugin ScriptPlugin, From C:/Program Files (x86)/Epic Games/4.14/Engine/Plugins/ScriptPlugin/ScriptPlugin.uplugin
LogPluginManager: Loaded Plugin SlateRemote, From C:/Program Files (x86)/Epic Games/4.14/Engine/Plugins/Slate/SlateRemote/SlateRemote.uplugin
LogPluginManager: Loaded Plugin EditorTests, From C:/Program Files (x86)/Epic Games/4.14/Engine/Plugins/Tests/EditorTests/EditorTests.uplugin
LogPluginManager: Loaded Plugin FbxAutomationTestBuilder, From C:/Program Files (x86)/Epic Games/4.14/Engine/Plugins/Tests/FbxAutomationTestBuilder/FbxAutomationTestBuilder.uplugin
LogPluginManager: Loaded Plugin FunctionalTestingEditor, From C:/Program Files (x86)/Epic Games/4.14/Engine/Plugins/Tests/FunctionalTestingEditor/FunctionalTestingEditor.uplugin
LogPluginManager: Loaded Plugin RuntimeTests, From C:/Program Files (x86)/Epic Games/4.14/Engine/Plugins/Tests/RuntimeTests/RuntimeTests.uplugin
LogPluginManager: Loaded Plugin ScreenshotTools, From C:/Program Files (x86)/Epic Games/4.14/Engine/Plugins/Tests/ScreenshotTools/ScreenshotTools.uplugin
LogInit: Using libcurl 7.47.1
LogInit:  - built for x86_64-pc-win32
LogInit:  - supports SSL with OpenSSL/1.0.2g
LogInit:  - supports HTTP deflate (compression) using libz 1.2.8
LogInit:  - other features:
LogInit:      CURL_VERSION_SSL
LogInit:      CURL_VERSION_LIBZ
LogInit:      CURL_VERSION_IPV6
LogInit:      CURL_VERSION_ASYNCHDNS
LogInit:      CURL_VERSION_LARGEFILE
LogInit:      CURL_VERSION_IDN
LogInit:  CurlRequestOptions (configurable via config and command line):
LogInit:  - bVerifyPeer = false  - Libcurl will NOT verify peer certificate
LogInit:  - bUseHttpProxy = false  - Libcurl will NOT use HTTP proxy
LogInit:  - bDontReuseConnections = false  - Libcurl will reuse connections
LogInit:  - CertBundlePath = nullptr  - Libcurl will use whatever was configured at build time.
LogInit: Build: ++UE4+Release-4.14-CL-3195953
LogInit: Engine Version: 4.14.0-3195953+++UE4+Release-4.14
LogInit: Compatible Engine Version: 4.14.0-3195953+++UE4+Release-4.14
LogInit: Net CL: 3195953
LogDevObjectVersion: Number of dev versions registered: 13
LogDevObjectVersion:   Dev-Blueprints (B0D832E4-1F89-4F0D-ACCF-7EB736FD4AA2): 7
LogDevObjectVersion:   Dev-Build (E1C64328-A22C-4D53-A36C-8E866417BD8C): 0
LogDevObjectVersion:   Dev-Core (375EC13C-06E4-48FB-B500-84F0262A717E): 1
LogDevObjectVersion:   Dev-Editor (E4B068ED-F494-42E9-A231-DA0B2E46BB41): 8
LogDevObjectVersion:   Dev-Framework (CFFC743F-43B0-4480-9391-14DF171D2073): 17
LogDevObjectVersion:   Dev-Mobile (B02B49B5-BB20-44E9-A304-32B752E40360): 0
LogDevObjectVersion:   Dev-Networking (A4E4105C-59A1-49B5-A7C5-40C4547EDFEE): 0
LogDevObjectVersion:   Dev-Online (39C831C9-5AE6-47DC-9A44-9C173E1C8E7C): 0
LogDevObjectVersion:   Dev-Physics (78F01B33-EBEA-4F98-B9B4-84EACCB95AA2): 0
LogDevObjectVersion:   Dev-Platform (6631380F-2D4D-43E0-8009-CF276956A95A): 0
LogDevObjectVersion:   Dev-Rendering (12F88B9F-8875-4AFC-A67C-D90C383ABD29): 12
LogDevObjectVersion:   Dev-Sequencer (7B5AE74C-D270-4C10-A958-57980B212A5A): 1
LogDevObjectVersion:   Dev-VR (D7296918-1DD6-4BDD-9DE2-64A83CC13884): 0
LogInit: Compiled (64-bit): Nov 12 2016 02:14:10
LogInit: Compiled with Visual C++: 19.00.23026.00
LogInit: Build Configuration: Development
LogInit: Branch Name: ++UE4+Release-4.14
LogInit: Command line:  
LogInit: Base directory: C:/Program Files (x86)/Epic Games/4.14/Engine/Binaries/Win64/
LogInit: Installed Engine Build: 1
LogFileManager:Warning: Error deleting file: ../../../../../../Users/logonrm/Desktop/New folder/CatchACoin/Saved/Logs/CatchACoin-backup-2017.06.13-09.30.21.log (Error Code 2)
LogInit: Presizing for max 8388607 objects, including 0 objects not considered by GC, pre-allocating 0 bytes for permanent pool.
LogInit: Object subsystem initialized
[2017.06.22-12.38.10:629][  0]LogInit: Selected Device Profile: [Windows]
[2017.06.22-12.38.10:629][  0]LogInit: Applying CVar settings loaded from the selected device profile: [Windows]
[2017.06.22-12.38.10:791][  0]LogInit: Computer: L1710MICRO23
[2017.06.22-12.38.10:791][  0]LogInit: User: logonrm
[2017.06.22-12.38.10:791][  0]LogInit: CPU Page size=65536, Cores=4
[2017.06.22-12.38.10:791][  0]LogInit: High frequency timer resolution =3.215225 MHz
[2017.06.22-12.38.10:792][  0]LogMemory: Memory total: Physical=7.9GB (8GB approx)
[2017.06.22-12.38.10:792][  0]LogMemory: Platform Memory Stats for Windows
[2017.06.22-12.38.10:792][  0]LogMemory: Process Physical Memory: 262.53 MB used, 262.53 MB peak
[2017.06.22-12.38.10:792][  0]LogMemory: Process Virtual Memory: 262.30 MB used, 262.30 MB peak
[2017.06.22-12.38.10:792][  0]LogMemory: Physical Memory: 2796.14 MB used,  5314.45 MB free, 8110.59 MB total
[2017.06.22-12.38.10:792][  0]LogMemory: Virtual Memory: 658.47 MB used,  5314.45 MB free, 134217728.00 MB total
[2017.06.22-12.38.20:654][  0]LogD3D11RHI: D3D11 adapters:
[2017.06.22-12.38.20:669][  0]LogD3D11RHI:    0. 'Intel(R) HD Graphics 4600' (Feature Level 11_0)
[2017.06.22-12.38.20:670][  0]LogD3D11RHI:       128/0/1792 MB DedicatedVideo/DedicatedSystem/SharedSystem, Outputs:1, VendorId:0x8086
[2017.06.22-12.38.20:672][  0]LogD3D11RHI:    1. 'Microsoft Basic Render Driver' (Feature Level 11_0)
[2017.06.22-12.38.20:672][  0]LogD3D11RHI:       0/0/256 MB DedicatedVideo/DedicatedSystem/SharedSystem, Outputs:0, VendorId:0x1414
[2017.06.22-12.38.20:672][  0]LogD3D11RHI: Chosen D3D11 Adapter: 0
[2017.06.22-12.38.20:728][  0]LogD3D11RHI: Creating new Direct3DDevice
[2017.06.22-12.38.20:728][  0]LogD3D11RHI:     GPU DeviceId: 0x412 (for the marketing name, search the web for "GPU Device Id")
[2017.06.22-12.38.20:728][  0]LogWindows: EnumDisplayDevices:
[2017.06.22-12.38.20:728][  0]LogWindows:    0. 'Intel(R) HD Graphics 4600' (P:1 D:1)
[2017.06.22-12.38.20:728][  0]LogWindows:    1. 'Intel(R) HD Graphics 4600' (P:0 D:0)
[2017.06.22-12.38.20:728][  0]LogWindows:    2. 'Intel(R) HD Graphics 4600' (P:0 D:0)
[2017.06.22-12.38.20:728][  0]LogWindows: DebugString: FoundDriverCount:3 
[2017.06.22-12.38.20:728][  0]LogD3D11RHI:     Adapter Name: Intel(R) HD Graphics 4600
[2017.06.22-12.38.20:728][  0]LogD3D11RHI:   Driver Version: 10.18.14.4432 (internal:10.18.14.4432, unified:10.18.14.4432)
[2017.06.22-12.38.20:728][  0]LogD3D11RHI:      Driver Date: 4-8-2016
[2017.06.22-12.38.20:758][  0]LogRHI: Texture pool is 716 MB (70% of 1024 MB)
[2017.06.22-12.38.20:777][  0]LogD3D11RHI: Async texture creation enabled
[2017.06.22-12.38.21:610][  0]LogD3D11RHI: GPU Timing Frequency: 12.500000 (Debug: 2 0)
[2017.06.22-12.38.22:002][  0]LogShaderCompilers: Guid format shader working directory is -13 characters bigger than the processId version (../../../../../../Users/logonrm/Desktop/New folder/CatchACoin/Intermediate/Shaders/WorkingDirectory/3100/).
[2017.06.22-12.38.22:003][  0]LogShaderCompilers: Cleaned the shader compiler working directory 'C:/Users/logonrm/AppData/Local/Temp/UnrealShaderWorkingDir/F402CCDA407EC6CC64F5CD8E655FC583/'.
[2017.06.22-12.38.22:025][  0]LogShaderCompilers:Display: Using Local Shader Compiler.
[2017.06.22-12.38.39:784][  0]LogTemp:Display: Loaded TP AllDesktopTargetPlatform
[2017.06.22-12.38.40:069][  0]LogTemp:Display: Loaded TP MacClientTargetPlatform
[2017.06.22-12.38.40:186][  0]LogTemp:Display: Loaded TP MacNoEditorTargetPlatform
[2017.06.22-12.38.40:328][  0]LogTemp:Display: Loaded TP MacServerTargetPlatform
[2017.06.22-12.38.40:637][  0]LogTemp:Display: Loaded TP MacTargetPlatform
[2017.06.22-12.38.40:862][  0]LogTemp:Display: Loaded TP WindowsClientTargetPlatform
[2017.06.22-12.38.41:027][  0]LogTemp:Display: Loaded TP WindowsNoEditorTargetPlatform
[2017.06.22-12.38.41:195][  0]LogTemp:Display: Loaded TP WindowsServerTargetPlatform
[2017.06.22-12.38.41:412][  0]LogTemp:Display: Loaded TP WindowsTargetPlatform
[2017.06.22-12.38.41:625][  0]LogTemp:Display: Loaded TP AndroidTargetPlatform
[2017.06.22-12.38.41:884][  0]LogTemp:Display: Loaded TP Android_ASTCTargetPlatform
[2017.06.22-12.38.42:042][  0]LogTemp:Display: Loaded TP Android_ATCTargetPlatform
[2017.06.22-12.38.42:185][  0]LogTemp:Display: Loaded TP Android_DXTTargetPlatform
[2017.06.22-12.38.42:328][  0]LogTemp:Display: Loaded TP Android_ETC1TargetPlatform
[2017.06.22-12.38.42:568][  0]LogTemp:Display: Loaded TP Android_ETC2TargetPlatform
[2017.06.22-12.38.43:045][  0]LogTemp:Display: Loaded TP Android_MultiTargetPlatform
[2017.06.22-12.38.43:045][  0]LogTemp:Display: Loaded TP Android_PVRTCTargetPlatform
[2017.06.22-12.38.43:213][  0]LogTemp:Display: Loaded TP HTML5TargetPlatform
[2017.06.22-12.38.44:244][  0]LogTemp:Display: Loaded TP IOSTargetPlatform
[2017.06.22-12.38.44:309][  0]LogTemp:Display: Loaded TP TVOSTargetPlatform
[2017.06.22-12.38.44:462][  0]LogTemp:Display: Loaded TP LinuxClientTargetPlatform
[2017.06.22-12.38.44:725][  0]LogTemp:Display: Loaded TP LinuxNoEditorTargetPlatform
[2017.06.22-12.38.44:935][  0]LogTemp:Display: Loaded TP LinuxServerTargetPlatform
[2017.06.22-12.38.45:091][  0]LogTemp:Display: Loaded TP LinuxTargetPlatform
[2017.06.22-12.38.45:091][  0]LogTargetPlatformManager:Display: Building Assets For Windows
[2017.06.22-12.38.52:003][  0]LogDerivedDataCache:Display: Max Cache Size: 512 MB
[2017.06.22-12.38.52:003][  0]LogDerivedDataCache:Display: Starting with empty Boot cache
[2017.06.22-12.38.52:028][  0]LogDerivedDataCache: FDerivedDataBackendGraph:  Pak pak cache file ../../../../../../Users/logonrm/Desktop/New folder/CatchACoin/DerivedDataCache/DDC.ddp not found, will not use a pak cache.
[2017.06.22-12.38.52:028][  0]LogDerivedDataCache: Unable to find inner node Pak for hierarchical cache Hierarchy.
[2017.06.22-12.38.52:028][  0]LogDerivedDataCache: FDerivedDataBackendGraph:  CompressedPak pak cache file ../../../../../../Users/logonrm/Desktop/New folder/CatchACoin/DerivedDataCache/Compressed.ddp not found, will not use a pak cache.
[2017.06.22-12.38.52:028][  0]LogDerivedDataCache: Unable to find inner node CompressedPak for hierarchical cache Hierarchy.
[2017.06.22-12.38.52:325][  0]LogDerivedDataCache:Display: Pak cache opened for reading ../../../Engine/DerivedDataCache/Compressed.ddp.
[2017.06.22-12.38.52:337][  0]LogDerivedDataCache: Using Local data cache path C:/Users/logonrm/AppData/Local/UnrealEngine/Common/DerivedDataCache: Writable
[2017.06.22-12.39.13:671][  0]LogInit: Selected Device Profile: [Windows]
[2017.06.22-12.39.13:901][  0]LogTexture:Display: Criando texturas: DefaultTexture (DXT1)
[2017.06.22-12.39.13:978][  0]LogContentStreaming: Texture pool size is 0.00 MB
[2017.06.22-12.39.14:157][  0]LogTexture:Display: Criando texturas: T_Default_Material_Grid_M (AutoDXT)
[2017.06.22-12.39.14:530][  0]LogDerivedDataCache: FFileSystemDerivedDataBackend: Move collision, attempt at redundant update, OK C:/Users/logonrm/AppData/Local/UnrealEngine/Common/DerivedDataCache/6/6/3/TEXTURE_814DCC3DC72143F49509781513CB9855_AUTODXT_FDD461EC4EDF5F99C659709B7A42E__5D8E67CBA0F04E790BD64833DFE9997DDB1D33F0.udd.
[2017.06.22-12.39.14:530][  0]LogDerivedDataCache: FFileSystemDerivedDataBackend: Move collision, attempt at redundant update, OK C:/Users/logonrm/AppData/Local/UnrealEngine/Common/DerivedDataCache/7/8/4/TEXTURE_814DCC3DC72143F49509781513CB9855_AUTODXT_FDD461EC4EDF5F99C659709B7A42E__D3B9066E064FF8485C582FA787D958A7AE111964.udd.
[2017.06.22-12.39.14:530][  0]LogDerivedDataCache: FFileSystemDerivedDataBackend: Move collision, attempt at redundant update, OK C:/Users/logonrm/AppData/Local/UnrealEngine/Common/DerivedDataCache/6/5/4/TEXTURE_814DCC3DC72143F49509781513CB9855_AUTODXT_FDD461EC4EDF5F99C659709B7A42E__FBBDD204E59CC3E3C9749161169905E65779DA9A.udd.
[2017.06.22-12.39.14:530][  0]LogTexture:Display: Criando texturas: T_Default_Material_Grid_N (BC5)
[2017.06.22-12.39.15:496][  0]LogTexture:Display: Criando texturas: DefaultDiffuse (AutoDXT)
[2017.06.22-12.39.17:116][  0]LogTexture:Display: Criando texturas: WhiteSquareTexture (AutoDXT)
[2017.06.22-12.39.18:741][  0]LogDerivedDataCache: FFileSystemDerivedDataBackend: Move collision, attempt at redundant update, OK C:/Users/logonrm/AppData/Local/UnrealEngine/Common/DerivedDataCache/0/8/6/TEXTURE_814DCC3DC72143F49509781513CB9855_AUTODXT_C45F0F7D439FAD52041B1EBC5A8A1__9908241BD20DF14A6AE05F8E6CA9BBBE24B07AB6.udd.
[2017.06.22-12.39.18:742][  0]LogTexture:Display: Criando texturas: UE4_Logo (AutoDXT)
[2017.06.22-12.39.19:569][  0]LogMeshUtilities: Using QuadricMeshReduction for automatic static mesh reduction
[2017.06.22-12.39.19:981][  0]LogSimplygon: Simplygon DLL not present - disabling.
[2017.06.22-12.39.20:260][  0]LogMeshUtilities: Using SimplygonSwarm for distributed automatic mesh merging
[2017.06.22-12.39.20:260][  0]LogMeshUtilities: No automatic skeletal mesh reduction module available
[2017.06.22-12.39.20:260][  0]LogMeshUtilities: No automatic mesh merging module available
[2017.06.22-12.39.21:316][  0]LogTexture:Display: Criando texturas: VR_LaserPower_01 (AutoDXT)
[2017.06.22-12.39.22:241][  0]LogTexture:Display: Criando texturas: GizmoText_RobotoDistanceField_PageA (G8)
[2017.06.22-12.39.22:458][  0]LogTexture:Display: Criando texturas: RobotoDistanceField_PageA (G8)
[2017.06.22-12.39.24:172][  0]LogDerivedDataCache: FFileSystemDerivedDataBackend: Move collision, attempt at redundant update, OK C:/Users/logonrm/AppData/Local/UnrealEngine/Common/DerivedDataCache/0/1/3/TEXTURE_814DCC3DC72143F49509781513CB9855_G8_C13BD2BB45C48968C13E6F8322E0CF1A_0__A856BDB1C74F641C3E5A497386077ABA922667E4.udd.
[2017.06.22-12.39.24:172][  0]LogTexture:Display: Criando texturas: SimpleGrid (AutoDXT)
[2017.06.22-12.39.25:650][  0]LogTexture:Display: Criando texturas: AICON-Red (AutoDXT)
[2017.06.22-12.39.25:664][  0]LogTexture:Display: Criando texturas: AICON-Green (AutoDXT)
[2017.06.22-12.39.27:451][  0]LogTexture:Display: Criando texturas: MatineeCam_D (AutoDXT)
[2017.06.22-12.39.29:289][  0]LogTexture:Display: Criando texturas: S_Actor (BGRA8)
[2017.06.22-12.39.29:332][  0]LogTexture:Display: Criando texturas: S_LevelSequence (BGRA8)
[2017.06.22-12.39.30:052][  0]LogDerivedDataCache: FFileSystemDerivedDataBackend: Move collision, attempt at redundant update, OK C:/Users/logonrm/AppData/Local/UnrealEngine/Common/DerivedDataCache/3/1/8/TEXTURE_814DCC3DC72143F49509781513CB9855_BGRA8_5216118D4EACC7D4064ADCBA89F7720__4776B6E2E6502A15BA73B7522CDBB3F8E50002AD.udd.
[2017.06.22-12.39.30:052][  0]LogDerivedDataCache: FFileSystemDerivedDataBackend: Move collision, attempt at redundant update, OK C:/Users/logonrm/AppData/Local/UnrealEngine/Common/DerivedDataCache/4/7/1/TEXTURE_814DCC3DC72143F49509781513CB9855_BGRA8_AE3B82F44B23F0E95EE42F95B1FECF3__7716384CA42A2482D772493A287E45E486704A3F.udd.
[2017.06.22-12.39.30:052][  0]LogTexture:Display: Criando texturas: EpicQuadPanorama_CC+EV1 (RGBA16F)
[2017.06.22-12.39.39:498][  0]LogTexture:Display: Criando texturas: RGBTable16x1_AssetViewer (BGRA8)
[2017.06.22-12.39.42:172][  0]LogDerivedDataCache: FFileSystemDerivedDataBackend: Move collision, attempt at redundant update, OK C:/Users/logonrm/AppData/Local/UnrealEngine/Common/DerivedDataCache/6/0/1/TEXTURE_814DCC3DC72143F49509781513CB9855_BGRA8_2F8A63D9426BC3DF3187A0AFFC2E85D__7948C536B3E894F069C0BC89DBEC0EC5816A8E74.udd.
[2017.06.22-12.39.42:172][  0]LogTexture:Display: Criando texturas: Bad (BGRA8)
[2017.06.22-12.39.44:020][  0]LogTexture:Display: Criando texturas: Default (BGRA8)
[2017.06.22-12.39.44:028][  0]LogDerivedDataCache: FFileSystemDerivedDataBackend: Move collision, attempt at redundant update, OK C:/Users/logonrm/AppData/Local/UnrealEngine/Common/DerivedDataCache/1/9/6/TEXTURE_814DCC3DC72143F49509781513CB9855_BGRA8_B19E8D43472CA8B277E8CCA8993996A__878CA4B0813C95120A256C74CF1AC98FA54BEF64.udd.
[2017.06.22-12.39.44:028][  0]LogTexture:Display: Criando texturas: VR-Basic (BGRA8)
[2017.06.22-12.39.45:305][  0]LogTexture:Display: Criando texturas: Grid (AutoDXT)
[2017.06.22-12.39.45:765][  0]LogTexture:Display: Criando texturas: DaylightAmbientCubemap (RGBA16F)
[2017.06.22-12.39.55:492][  0]LogTexture:Display: Criando texturas: PSysThumbnail_NoImage (AutoDXT)
[2017.06.22-12.39.55:561][  0]LogTexture:Display: Criando texturas: PSysThumbnail_OOD (AutoDXT)
[2017.06.22-12.39.55:919][  0]LogDerivedDataCache: FFileSystemDerivedDataBackend: Move collision, attempt at redundant update, OK C:/Users/logonrm/AppData/Local/UnrealEngine/Common/DerivedDataCache/4/6/4/TEXTURE_814DCC3DC72143F49509781513CB9855_AUTODXT_55809E694EE7DB292235CC917A5C5__581C558B12F92DA8D70F4F628DF65CDCF5AECBC8.udd.
[2017.06.22-12.39.55:919][  0]LogTexture:Display: Criando texturas: S_DecalActorIcon (AutoDXT)
[2017.06.22-12.39.56:258][  0]LogTexture:Display: Criando texturas: S_Terrain (BGRA8)
[2017.06.22-12.39.57:115][  0]LogTexture:Display: Criando texturas: flipbook (AutoDXT)
[2017.06.22-12.39.57:255][  0]LogTexture:Display: Criando texturas: T_EditorHelp (AutoDXT)
[2017.06.22-12.39.58:501][  0]LogDerivedDataCache: FFileSystemDerivedDataBackend: Move collision, attempt at redundant update, OK C:/Users/logonrm/AppData/Local/UnrealEngine/Common/DerivedDataCache/5/0/6/TEXTURE_814DCC3DC72143F49509781513CB9855_AUTODXT_A1841A5A48DBDCFF525B3B8EAEBBA__948ECD6FE901F74B4A2F247027DC9DCAFDBCD692.udd.
[2017.06.22-12.39.58:501][  0]LogTexture:Display: Criando texturas: S_Emitter (BGRA8)
[2017.06.22-12.39.58:602][  0]LogTexture:Display: Criando texturas: S_ExpoHeightFog (BGRA8)
[2017.06.22-12.39.58:611][  0]LogTexture:Display: Criando texturas: S_NavP (BGRA8)
[2017.06.22-12.39.58:687][  0]LogTexture:Display: Criando texturas: S_Player (BGRA8)
[2017.06.22-12.39.58:757][  0]LogTexture:Display: Criando texturas: SkyLight (BGRA8)
[2017.06.22-12.39.58:804][  0]LogDerivedDataCache: FFileSystemDerivedDataBackend: Move collision, attempt at redundant update, OK C:/Users/logonrm/AppData/Local/UnrealEngine/Common/DerivedDataCache/2/4/8/TEXTURE_814DCC3DC72143F49509781513CB9855_BGRA8_53F27D1640B32FE55F9E10B39D2E17E__4BDF1C9C0BB4ED077C7E7B7C40104B54186C9814.udd.
[2017.06.22-12.39.58:804][  0]LogDerivedDataCache: FFileSystemDerivedDataBackend: Move collision, attempt at redundant update, OK C:/Users/logonrm/AppData/Local/UnrealEngine/Common/DerivedDataCache/4/2/5/TEXTURE_814DCC3DC72143F49509781513CB9855_BGRA8_53F27D1640B32FE55F9E10B39D2E17E__493D5274E6BC87138278D683B5066F85DC29E562.udd.
[2017.06.22-12.39.58:804][  0]LogTexture:Display: Criando texturas: S_WindDirectional (AutoDXT)
[2017.06.22-12.40.00:196][  0]LogTexture:Display: Criando texturas: S_LightDirectional (BGRA8)
[2017.06.22-12.40.00:318][  0]LogTexture:Display: Criando texturas: S_LightDirectionalMove (BGRA8)
[2017.06.22-12.40.00:356][  0]LogTexture:Display: Criando texturas: S_LightPoint (BGRA8)
[2017.06.22-12.40.00:377][  0]LogTexture:Display: Criando texturas: S_LightPointMove (BGRA8)
[2017.06.22-12.40.00:404][  0]LogTexture:Display: Criando texturas: S_LightSpot (BGRA8)
[2017.06.22-12.40.00:476][  0]LogDerivedDataCache: FFileSystemDerivedDataBackend: Move collision, attempt at redundant update, OK C:/Users/logonrm/AppData/Local/UnrealEngine/Common/DerivedDataCache/7/1/8/TEXTURE_814DCC3DC72143F49509781513CB9855_BGRA8_F54F41524C68832440B75BAAC2A5981__6258F4CA8EBDA3505084FEE35A31FCFEF0AAC6EF.udd.
[2017.06.22-12.40.00:476][  0]LogTexture:Display: Criando texturas: S_LightSpotMove (BGRA8)
[2017.06.22-12.40.00:502][  0]LogTexture:Display: Criando texturas: S_PortalActorIcon2 (AutoDXT)
[2017.06.22-12.40.00:556][  0]LogDerivedDataCache: FFileSystemDerivedDataBackend: Move collision, attempt at redundant update, OK C:/Users/logonrm/AppData/Local/UnrealEngine/Common/DerivedDataCache/6/0/6/TEXTURE_814DCC3DC72143F49509781513CB9855_BGRA8_069A6B1344ABFC980870758DFFE631C__3A3BB27308230B3BBC9856B188903934639E88CF.udd.
[2017.06.22-12.40.00:556][  0]LogDerivedDataCache: FFileSystemDerivedDataBackend: Move collision, attempt at redundant update, OK C:/Users/logonrm/AppData/Local/UnrealEngine/Common/DerivedDataCache/3/1/4/TEXTURE_814DCC3DC72143F49509781513CB9855_BGRA8_069A6B1344ABFC980870758DFFE631C__88BDFA89371F877E7D14C9D765A2646E4E1DD5F4.udd.
[2017.06.22-12.40.00:556][  0]LogTexture:Display: Criando texturas: MatInstActSprite (BGRA8)
[2017.06.22-12.40.00:611][  0]LogTexture:Display: Criando texturas: SceneManager (BGRA8)
[2017.06.22-12.40.00:807][  0]LogDerivedDataCache: FFileSystemDerivedDataBackend: Move collision, attempt at redundant update, OK C:/Users/logonrm/AppData/Local/UnrealEngine/Common/DerivedDataCache/2/4/5/TEXTURE_814DCC3DC72143F49509781513CB9855_BGRA8_4ECA96DF463620B9074A2980CE049F1__F64C3DA9720A1816D04D496C03348E0900787AE1.udd.
[2017.06.22-12.40.00:807][  0]LogTexture:Display: Criando texturas: S_NavLink (AutoDXT)
[2017.06.22-12.40.00:860][  0]LogTexture:Display: Criando texturas: S_Note (BGRA8)
[2017.06.22-12.40.01:048][  0]LogDerivedDataCache: FFileSystemDerivedDataBackend: Move collision, attempt at redundant update, OK C:/Users/logonrm/AppData/Local/UnrealEngine/Common/DerivedDataCache/6/6/5/TEXTURE_814DCC3DC72143F49509781513CB9855_BGRA8_73D0B8C142852F93251ED0AF97E9741__80192D8F43C5D8B7AD4DA8899BC39C5C47A9B47E.udd.
[2017.06.22-12.40.01:049][  0]LogDerivedDataCache: FFileSystemDerivedDataBackend: Move collision, attempt at redundant update, OK C:/Users/logonrm/AppData/Local/UnrealEngine/Common/DerivedDataCache/6/0/6/TEXTURE_814DCC3DC72143F49509781513CB9855_BGRA8_73D0B8C142852F93251ED0AF97E9741__237A4054F1E2CFFFB434BF7AC0A8719B6D647791.udd.
[2017.06.22-12.40.01:049][  0]LogTexture:Display: Criando texturas: S_ReflActorIcon (AutoDXT)
[2017.06.22-12.40.01:384][  0]LogTexture:Display: Criando texturas: S_Thruster (BGRA8)
[2017.06.22-12.40.01:458][  0]LogTexture:Display: Criando texturas: S_RadForce (BGRA8)
[2017.06.22-12.40.01:602][  0]LogTexture:Display: Criando texturas: TargetIcon (BGRA8)
[2017.06.22-12.40.01:619][  0]LogTexture:Display: Criando texturas: S_TextRenderActorIcon (AutoDXT)
[2017.06.22-12.40.01:651][  0]LogTexture:Display: Criando texturas: S_Trigger (BGRA8)
[2017.06.22-12.40.01:667][  0]LogTexture:Display: Criando texturas: S_VectorFieldVol (BGRA8)
[2017.06.22-12.40.01:970][  0]LogDerivedDataCache: FFileSystemDerivedDataBackend: Move collision, attempt at redundant update, OK C:/Users/logonrm/AppData/Local/UnrealEngine/Common/DerivedDataCache/1/0/7/TEXTURE_814DCC3DC72143F49509781513CB9855_BGRA8_D0FECEC94BB5E3DA0C23C4AB41A933F__0192091683E28B4FA9F5BFB80F26E676346450A0.udd.
[2017.06.22-12.40.01:970][  0]LogTexture:Display: Criando texturas: GradientTexture0 (BGRA8)
[2017.06.22-12.40.02:001][  0]LogDerivedDataCache: FFileSystemDerivedDataBackend: Move collision, attempt at redundant update, OK C:/Users/logonrm/AppData/Local/UnrealEngine/Common/DerivedDataCache/5/1/3/TEXTURE_814DCC3DC72143F49509781513CB9855_BGRA8_C6F046E346DE53E9987E70930FC6D31__2BC58C7103301983DEFA01C3C389866FD917AABF.udd.
[2017.06.22-12.40.02:001][  0]LogTexture:Display: Criando texturas: Black (AutoDXT)
[2017.06.22-12.40.02:356][  0]LogDerivedDataCache: FFileSystemDerivedDataBackend: Move collision, attempt at redundant update, OK C:/Users/logonrm/AppData/Local/UnrealEngine/Common/DerivedDataCache/6/1/2/TEXTURE_814DCC3DC72143F49509781513CB9855_AUTODXT_1EC0B18B47E75959952584B5D8D9E__61476F8F01150CA0879C3ACC7FFBE61559C32272.udd.
[2017.06.22-12.40.02:356][  0]LogTexture:Display: Criando texturas: MAT_Groups_Float (AutoDXT)
[2017.06.22-12.40.02:452][  0]LogTexture:Display: Criando texturas: MAT_Groups_Director (AutoDXT)
[2017.06.22-12.40.02:481][  0]LogTexture:Display: Criando texturas: MAT_Groups_Event (AutoDXT)
[2017.06.22-12.40.02:488][  0]LogTexture:Display: Criando texturas: MAT_Groups_Anim (AutoDXT)
[2017.06.22-12.40.02:522][  0]LogTexture:Display: Criando texturas: MAT_Groups_Fade (AutoDXT)
[2017.06.22-12.40.02:548][  0]LogTexture:Display: Criando texturas: MAT_Groups_Move (AutoDXT)
[2017.06.22-12.40.02:601][  0]LogTexture:Display: Criando texturas: MAT_Groups_Slomo (AutoDXT)
[2017.06.22-12.40.02:605][  0]LogTexture:Display: Criando texturas: MAT_ColorTrack (AutoDXT)
[2017.06.22-12.40.02:674][  0]LogTexture:Display: Criando texturas: MAT_Groups_Toggle (AutoDXT)
[2017.06.22-12.40.02:691][  0]LogTexture:Display: Criando texturas: MAT_Groups_AudioMaster (AutoDXT)
[2017.06.22-12.40.02:717][  0]LogTexture:Display: Criando texturas: MAT_Groups_Sound (AutoDXT)
[2017.06.22-12.40.02:769][  0]LogDerivedDataCache: FFileSystemDerivedDataBackend: Move collision, attempt at redundant update, OK C:/Users/logonrm/AppData/Local/UnrealEngine/Common/DerivedDataCache/5/8/2/TEXTURE_814DCC3DC72143F49509781513CB9855_AUTODXT_264ABDF14257816FFA9477A6F6A19__303B98F4E304FB93C820CBC3D56044C65F0B73B1.udd.
[2017.06.22-12.40.02:769][  0]LogDerivedDataCache: FFileSystemDerivedDataBackend: Move collision, attempt at redundant update, OK C:/Users/logonrm/AppData/Local/UnrealEngine/Common/DerivedDataCache/2/7/5/TEXTURE_814DCC3DC72143F49509781513CB9855_AUTODXT_025102BB43BBEAC3F075788919382__7E08700D2950C4E78762A07B2EC79F112D9FC152.udd.
[2017.06.22-12.40.02:769][  0]LogTexture:Display: Criando texturas: MAT_Groups_Vector (AutoDXT)
[2017.06.22-12.40.02:774][  0]LogTexture:Display: Criando texturas: MAT_Groups_Visibility (AutoDXT)
[2017.06.22-12.40.02:864][  0]LogDerivedDataCache: FFileSystemDerivedDataBackend: Move collision, attempt at redundant update, OK C:/Users/logonrm/AppData/Local/UnrealEngine/Common/DerivedDataCache/2/8/5/TEXTURE_814DCC3DC72143F49509781513CB9855_AUTODXT_6A6029554EC6CEDCFFC9E0836D465__15055B7217D64E5B0C68FF0F1248D0C8B2998C2C.udd.
[2017.06.22-12.40.02:864][  0]LogTexture:Display: Criando texturas: DefaultTextureCube (DXT1)
[2017.06.22-12.40.03:582][  0]LogNetVersion: GetLocalNetworkVersion: CL: 3195953, ProjectName: catchacoin, ProjectVersion: , EngineNetworkVersion: 2, GameNetworkVersion: 0, NetworkChecksum: 1385411741
[2017.06.22-12.40.04:228][  0]LogAssetRegistry: FAssetRegistry took 0.0703 seconds to start up
[2017.06.22-12.40.04:435][  0]LogAssetRegistry:Error: Failed to open file for write ../../../../../../Users/logonrm/Desktop/New folder/CatchACoin/Intermediate/AssetRegistryCache/3d26461c.bin
[2017.06.22-12.40.04:453][  0]LogPackageLocalizationCache: Processed 3 localized package path(s) for 2 prioritized culture(s) in 0.038709 seconds
[2017.06.22-12.40.04:517][  0]LogUObjectArray: 31946 objects as part of root set at end of initial load.
[2017.06.22-12.40.04:517][  0]LogUObjectAllocator: 6935848 out of 0 bytes used by permanent object pool.
[2017.06.22-12.40.04:517][  0]LogUObjectArray: CloseDisregardForGC: 0/0 objects in disregard for GC pool
[2017.06.22-12.40.04:889][  0]LogInit: WinSock: version 1.1 (2.2), MaxSocks=32767, MaxUdp=65467
[2017.06.22-12.40.10:233][  0]LogAssetRegistry:Error: Failed to open file for write ../../../../../../Users/logonrm/Desktop/New folder/CatchACoin/Intermediate/CachedAssetRegistry.bin
[2017.06.22-12.40.10:233][  0]LogTexture:Display: Criando texturas: S_FTest (AutoDXT)
[2017.06.22-12.40.12:154][  0]LogDerivedDataCache: FFileSystemDerivedDataBackend: Move collision, attempt at redundant update, OK C:/Users/logonrm/AppData/Local/UnrealEngine/Common/DerivedDataCache/8/5/2/TEXTURE_814DCC3DC72143F49509781513CB9855_AUTODXT_4054A1614669DCDAEF5C5FBE495A0__B1604E4AF802B600A132B85BE3D8E45EFF831192.udd.
[2017.06.22-12.40.12:154][  0]LogSlate: Using Freetype 2.6.0
[2017.06.22-12.40.12:317][  0]LogSlate: SlateFontCache - WITH_FREETYPE: 1, WITH_HARFBUZZ: 1
[2017.06.22-12.40.12:345][  0]LogSlate: SlateFontCache - WITH_FREETYPE: 1, WITH_HARFBUZZ: 1
[2017.06.22-12.41.08:749][  0]LogTexture:Display: Criando texturas: DummySpriteTexture (AutoDXT)
[2017.06.22-12.41.09:506][  0]LogTcpMessaging: Initializing TcpMessaging bridge
[2017.06.22-12.41.09:637][  0]LogUdpMessaging: Initializing bridge on interface 0.0.0.0:0 to multicast group 230.0.0.1:6666.
[2017.06.22-12.41.22:893][  0]LogMaterial: Uniform references updated for custom material expression Custom.
[2017.06.22-12.41.22:895][  0]LogTexture:Display: Criando texturas: MiniFont (AutoDXT)
[2017.06.22-12.41.28:148][  0]SourceControl: Informações Controle de origem desativado
[2017.06.22-12.41.28:681][  0]SourceControl: Informações Controle de origem desativado
[2017.06.22-12.41.29:108][  0]SourceControl: Informações Controle de origem desativado
[2017.06.22-12.41.29:281][  0]SourceControl: Informações Controle de origem desativado
[2017.06.22-12.41.36:566][  0]LogEngine: Initializing Engine...
[2017.06.22-12.41.36:590][  0]LogHMD: Failed to initialize OpenVR with code 110
[2017.06.22-12.41.37:366][  0]LogTexture:Display: Criando texturas: DefaultWhiteGrid (AutoDXT)
[2017.06.22-12.41.38:841][  0]LogTexture:Display: Criando texturas: InvalidLightmapSettings (AutoDXT)
[2017.06.22-12.41.39:136][  0]LogDerivedDataCache: FFileSystemDerivedDataBackend: Move collision, attempt at redundant update, OK C:/Users/logonrm/AppData/Local/UnrealEngine/Common/DerivedDataCache/6/8/5/TEXTURE_814DCC3DC72143F49509781513CB9855_AUTODXT_5075C5404C9665C57F66B49F2C5D8__8A675B9A7E86ED55344E993623F4FE067048B76B.udd.
[2017.06.22-12.41.39:199][  0]LogTexture:Display: Criando texturas: HeatmapGradient (BGRA8)
[2017.06.22-12.41.39:382][  0]LogDerivedDataCache: FFileSystemDerivedDataBackend: Move collision, attempt at redundant update, OK C:/Users/logonrm/AppData/Local/UnrealEngine/Common/DerivedDataCache/5/9/2/TEXTURE_814DCC3DC72143F49509781513CB9855_BGRA8_300F91D746B84377794E1FA74622CC3__9F605741DC6FBB382FA6D1D4D44DE97500E66E80.udd.
[2017.06.22-12.41.39:382][  0]LogDerivedDataCache: FFileSystemDerivedDataBackend: Move collision, attempt at redundant update, OK C:/Users/logonrm/AppData/Local/UnrealEngine/Common/DerivedDataCache/2/6/2/TEXTURE_814DCC3DC72143F49509781513CB9855_BGRA8_300F91D746B84377794E1FA74622CC3__2073FDC26C5DBF30C2FB036D844C862F26A2F643.udd.
[2017.06.22-12.41.39:382][  0]LogTexture:Display: Criando texturas: PreviewShadowIndicator (BGRA8)
[2017.06.22-12.41.39:796][  0]LogTexture:Display: Criando texturas: BSPVertex (AutoDXT)
[2017.06.22-12.41.39:916][  0]LogDerivedDataCache: FFileSystemDerivedDataBackend: Move collision, attempt at redundant update, OK C:/Users/logonrm/AppData/Local/UnrealEngine/Common/DerivedDataCache/3/7/6/TEXTURE_814DCC3DC72143F49509781513CB9855_AUTODXT_6A00F1654C244F95E8B15E9A15BE5__9F6FE039175A88CA1E577272AF00572DA13D0688.udd.
[2017.06.22-12.41.39:916][  0]LogTexture:Display: Criando texturas: Good64x64TilingNoiseHighFreq (G8)
[2017.06.22-12.41.40:028][  0]LogDerivedDataCache: FFileSystemDerivedDataBackend: Move collision, attempt at redundant update, OK C:/Users/logonrm/AppData/Local/UnrealEngine/Common/DerivedDataCache/2/2/6/TEXTURE_814DCC3DC72143F49509781513CB9855_G8_1C2B54F74EBDC3C23B1A0B85D55D159C_0__2E2A404ABA0B1D38FA0F8DFA476C0ECE606A40A4.udd.
[2017.06.22-12.41.40:028][  0]LogTexture:Display: Criando texturas: DefaultBokeh (BGRA8)
[2017.06.22-12.41.40:070][  0]LogDerivedDataCache: FFileSystemDerivedDataBackend: Move collision, attempt at redundant update, OK C:/Users/logonrm/AppData/Local/UnrealEngine/Common/DerivedDataCache/4/7/9/TEXTURE_814DCC3DC72143F49509781513CB9855_BGRA8_52C2D2044F80407BBABA8CB2BA04F4F__FDB37FDECA0F67A24577A4436B3C2D9D715FD7D7.udd.
[2017.06.22-12.41.40:070][  0]LogTexture:Display: Criando texturas: PreintegratedSkinBRDF (BGRA8)
[2017.06.22-12.41.40:095][  0]LogDerivedDataCache: FFileSystemDerivedDataBackend: Move collision, attempt at redundant update, OK C:/Users/logonrm/AppData/Local/UnrealEngine/Common/DerivedDataCache/2/9/2/TEXTURE_814DCC3DC72143F49509781513CB9855_BGRA8_A28EC0C4486158C85466808599E49A4__1FF86D5F10DF5DA41E6C385F79D34A8F73D47BF5.udd.
[2017.06.22-12.41.40:095][  0]LogTexture:Display: Criando texturas: WeightMapPlaceholderTexture (BGRA8)
[2017.06.22-12.41.43:160][  0]LogAIModule: Creating AISystem for world Untitled
[2017.06.22-12.41.43:678][  0]LogInit: No audio devices found!
[2017.06.22-12.41.43:738][  0]LogDerivedDataCache: Saved boot cache 0.03s 63MB C:/Users/logonrm/AppData/Local/UnrealEngine/4.14/DerivedDataCache/Boot.ddc.
[2017.06.22-12.41.43:746][  0]LogInit: Texture streaming: Enabled
[2017.06.22-12.41.50:782][  0]LogInit: Transaction tracking system initialized
[2017.06.22-12.41.55:354][  0]BlueprintLog: New page: Carregar Editor
[2017.06.22-12.42.07:050][  0]LocalizationService: Informações Localization service is disabled
[2017.06.22-12.42.13:462][  0]LogConsoleResponse:Display: 
[2017.06.22-12.42.14:568][  0]LogTexture:Display: Criando texturas: Cross (AutoDXT)
[2017.06.22-12.42.14:950][  0]LogTexture:Display: Criando texturas: Tick (AutoDXT)
[2017.06.22-12.42.14:965][  0]LogTexture:Display: Criando texturas: WidgetGridVertexColorMaterial (AutoDXT)
[2017.06.22-12.42.15:592][  0]LogTexture:Display: Criando texturas: CASC_None (AutoDXT)
[2017.06.22-12.42.15:592][  0]LogTexture:Display: Criando texturas: CASC_Cross (AutoDXT)
[2017.06.22-12.42.15:691][  0]LogTexture:Display: Criando texturas: Texture2D_28 (AutoDXT)
[2017.06.22-12.42.15:703][  0]LogTexture:Display: Criando texturas: S_KBSJoint (BGRA8)
[2017.06.22-12.42.15:709][  0]LogTexture:Display: Criando texturas: S_KHinge (BGRA8)
[2017.06.22-12.42.15:743][  0]LogDerivedDataCache: FFileSystemDerivedDataBackend: Move collision, attempt at redundant update, OK C:/Users/logonrm/AppData/Local/UnrealEngine/Common/DerivedDataCache/9/1/5/TEXTURE_814DCC3DC72143F49509781513CB9855_BGRA8_85FC7F37403CE73D131A07B7948FB00__32482B4631A71CF4A237EB0E091DEEB0565091FB.udd.
[2017.06.22-12.42.15:743][  0]LogTexture:Display: Criando texturas: S_KPrismatic (BGRA8)
[2017.06.22-12.42.15:829][  0]LogTexture:Display: Criando texturas: S_LightError (BGRA8)
[2017.06.22-12.42.15:852][  0]LogDerivedDataCache: FFileSystemDerivedDataBackend: Move collision, attempt at redundant update, OK C:/Users/logonrm/AppData/Local/UnrealEngine/Common/DerivedDataCache/6/9/5/TEXTURE_814DCC3DC72143F49509781513CB9855_BGRA8_1DF806A0475441A4C153B494B5C289C__19738030A5A510E6B611690163D7A754ACB26A32.udd.
[2017.06.22-12.42.15:852][  0]LogTexture:Display: Criando texturas: T_Loft_Spline (AutoDXT)
[2017.06.22-12.42.16:205][  0]LogTexture:Display: Criando texturas: DefaultNormal (BC5)
[2017.06.22-12.42.16:478][  0]LogTexture:Display: Criando texturas: Grid_N (BC5)
[2017.06.22-12.42.16:575][  0]LogDerivedDataCache: FFileSystemDerivedDataBackend: Move collision, attempt at redundant update, OK C:/Users/logonrm/AppData/Local/UnrealEngine/Common/DerivedDataCache/6/0/2/TEXTURE_814DCC3DC72143F49509781513CB9855_BC5_4270CDCA43F8AFDE7C5059A4A1A23423___791B68FF9468098C9E1A5DABC0A70E66308BE2CE.udd.
[2017.06.22-12.42.16:753][  0]LogTexture:Display: Criando texturas: PaperDiffuse (AutoDXT)
[2017.06.22-12.42.17:025][  0]LogTexture:Display: Criando texturas: PaperNormal (BC5)
[2017.06.22-12.42.17:319][  0]LogTexture:Display: Criando texturas: Texture2D_28 (AutoDXT)
[2017.06.22-12.42.17:353][  0]LogTexture:Display: Criando texturas: Texture2D_29 (AutoDXT)
[2017.06.22-12.42.17:439][  0]LogDerivedDataCache: FFileSystemDerivedDataBackend: Move collision, attempt at redundant update, OK C:/Users/logonrm/AppData/Local/UnrealEngine/Common/DerivedDataCache/9/2/8/TEXTURE_814DCC3DC72143F49509781513CB9855_AUTODXT_909B6E9247DDD44D25B5DA81BD4C9__31623ADDE0A917F5FDEB4A27ECBBD17EB759BBD5.udd.
[2017.06.22-12.42.17:439][  0]LogTexture:Display: Criando texturas: StreamingPauseIcon (AutoDXT)
[2017.06.22-12.42.17:750][  0]LogDerivedDataCache: FFileSystemDerivedDataBackend: Move collision, attempt at redundant update, OK C:/Users/logonrm/AppData/Local/UnrealEngine/Common/DerivedDataCache/4/1/0/TEXTURE_814DCC3DC72143F49509781513CB9855_AUTODXT_97AEDEEB4CC39F528EA4F0AFE31D3__EBF67F74B59FFCC58254A4239774DA20EDE77F28.udd.
[2017.06.22-12.42.17:750][  0]LogFileCache: Scanning file cache for directory 'C:/Users/logonrm/Desktop/New folder/CatchACoin/Content/' took 0.01s
[2017.06.22-12.42.17:750][  0]LogCook:Display: Max memory allowance for cook 16384mb min free memory 0mb
[2017.06.22-12.42.17:750][  0]LogCook:Display: Mobile HDR setting 1
[2017.06.22-12.42.18:889][  0]LogTexture:Display: Criando texturas: Countdown (AutoDXT)
[2017.06.22-12.42.18:971][  0]LogTexture:Display: Criando texturas: RecordingIndicator (AutoDXT)
[2017.06.22-12.42.25:520][  0]LogTexture:Display: Criando texturas: DefaultAlphaTexture (BGRA8)
[2017.06.22-12.42.26:744][  0]SourceControl: Informações Controle de origem desativado
[2017.06.22-12.42.26:855][  0]Cmd: MAP LOAD FILE="../../../../../../Users/logonrm/Desktop/New folder/CatchACoin/Content/StarterContent/Maps/Minimal_Default.umap" TEMPLATE=0 SHOWPROGRESS=1 FEATURELEVEL=3
[2017.06.22-12.42.26:888][  0]LightingResults: New page: Compilação de Iluminação
[2017.06.22-12.42.27:649][  0]MapCheck: New page: Verificação de Mapa
[2017.06.22-12.42.27:649][  0]LightingResults: New page: Compilação de Iluminação
[2017.06.22-12.42.33:071][  0]LogTexture:Display: Criando texturas: T_Metal_Gold_N (BC5)
[2017.06.22-12.42.33:604][  0]LogTexture:Display: Criando texturas: T_Spark_Core (AutoDXT)
[2017.06.22-12.42.33:660][  0]LogTexture:Display: Criando texturas: T_Smoke_Tiled_D (AutoDXT)
[2017.06.22-12.42.33:796][  0]LogTexture:Display: Criando texturas: T_Smoke_SubUV (AutoDXT)
[2017.06.22-12.42.38:104][  0]LogTexture:Display: Criando texturas: ThumbnailTexture (DXT1)
[2017.06.22-12.42.38:151][  0]LogStaticMesh: Criando malha estática SpeedBoostModel...
[2017.06.22-12.42.38:251][  0]LogMeshUtilities: Invalid vertex normals found for mesh. Forcing recomputation of vertex normals for MikkTSpace. Fix mesh or disable "Use MikkTSpace Tangent Space" to avoid forced recomputation of normals.
[2017.06.22-12.42.38:294][  0]LogStaticMesh: Built static mesh [0.14s] /Game/Models/SpeedBoostModel.SpeedBoostModel
[2017.06.22-12.42.38:529][  0]LogTexture:Display: Criando texturas: T_Metal_Steel_N (BC5)
[2017.06.22-12.42.39:287][  0]LogTexture:Display: Criando texturas: T_Metal_Steel_D (AutoDXT)
[2017.06.22-12.42.42:604][  0]LogTexture:Display: Criando texturas: T_MacroVariation (AutoDXT)
[2017.06.22-12.42.48:566][  0]LogTexture:Display: Criando texturas: T_Sky_Clouds_M (BGRA8)
[2017.06.22-12.42.48:838][  0]LogTexture:Display: Criando texturas: T_Sky_Stars (AutoDXT)
[2017.06.22-12.42.49:091][  0]LogTexture:Display: Criando texturas: T_Sky_Blue (AutoDXT)
[2017.06.22-12.42.50:656][  0]LogTexture:Display: Criando texturas: T_Concrete_Panels_D (AutoDXT)
[2017.06.22-12.42.56:077][  0]LogTexture:Display: Criando texturas: T_Concrete_Panels_N (BC5)
[2017.06.22-12.42.56:837][  0]LogTexture:Display: Criando texturas: T_Perlin_Noise_M (AutoDXT)
[2017.06.22-12.43.02:197][  0]LogTexture:Display: Criando texturas: T_Ground_Moss_N (BC5)
[2017.06.22-12.43.02:981][  0]LogTexture:Display: Criando texturas: T_ground_Moss_D (AutoDXT)
[2017.06.22-12.43.08:080][  0]LogMaterial: Missing cached shader map for material T_ground_Moss_Mat, compiling. 
[2017.06.22-12.43.08:145][  0]LogMaterial: Missing cached shader map for material OrangeLight, compiling. 
[2017.06.22-12.43.08:182][  0]LogMaterial: Missing cached shader map for material GreenMetallic, compiling. 
[2017.06.22-12.43.08:202][  0]LogMaterial: Missing cached shader map for material RedLight, compiling. 
[2017.06.22-12.43.08:219][  0]LogMaterial: Missing cached shader map for material BlueLight, compiling. 
[2017.06.22-12.43.08:376][  0]LogTexture:Display: Criando texturas: T_Metal_Gold_D (AutoDXT)
[2017.06.22-12.43.13:709][  0]LogAIModule: Creating AISystem for world Minimal_Default
[2017.06.22-12.43.13:786][  0]LogTexture:Display: Criando texturas: EmptyActor (BGRA8)
[2017.06.22-12.43.14:452][  0]LogEditorServer: Finished looking for orphan Actors (0.000 secs)
[2017.06.22-12.43.14:623][  0]Cmd: MAP CHECKDEP NOCLEARLOG
[2017.06.22-12.43.14:851][  0]MapCheck: Informações Map check complete: 0 Error(s), 0 Warning(s), took 228,379ms to complete.
[2017.06.22-12.43.14:851][  0]LogFileHelpers: Loading map 'Minimal_Default' took 48.003
[2017.06.22-12.43.18:176][  0]LogCollectionManager: Loaded 0 collections in 0.001895 seconds
[2017.06.22-12.43.18:621][  0]LogFileCache: Scanning file cache for directory 'C:/Users/logonrm/Desktop/New folder/CatchACoin/Saved/Collections/' took 0.01s
[2017.06.22-12.43.18:621][  0]LogFileCache: Scanning file cache for directory 'C:/Users/logonrm/Desktop/New folder/CatchACoin/Content/Developers/logonrm/Collections/' took 0.01s
[2017.06.22-12.43.18:621][  0]LogFileCache: Scanning file cache for directory 'C:/Users/logonrm/Desktop/New folder/CatchACoin/Content/Collections/' took 0.01s
[2017.06.22-12.43.18:621][  0]LogCollectionManager: Rebuilt the GUID cache for 0 collections in 0.000002 seconds
[2017.06.22-12.43.18:666][  0]LogContentBrowser: Native class hierarchy populated in 0.0181 seconds. Added 2190 classes and 428 folders.
[2017.06.22-12.43.18:840][  0]LogStats: UGameplayTagsManager::ConstructGameplayTagTree: Construct from data asset -  0.000 s
[2017.06.22-12.43.18:840][  0]LogStats: UGameplayTagsManager::ConstructGameplayTagTree: GameplayTagTreeChangedEvent.Broadcast -  0.000 s
[2017.06.22-12.43.18:841][  0]LogContentBrowser: Native class hierarchy updated for 'GameplayTags' in 0.0006 seconds. Added 13 classes and 0 folders.
[2017.06.22-12.43.19:028][  0]LogContentBrowser: Native class hierarchy updated for 'WidgetCarousel' in 0.0005 seconds. Added 0 classes and 0 folders.
[2017.06.22-12.43.26:476][  0]LogContentBrowser: Native class hierarchy updated for 'AddContentDialog' in 0.0006 seconds. Added 0 classes and 0 folders.
[2017.06.22-12.43.26:695][  0]LogContentBrowser: Native class hierarchy updated for 'SceneOutliner' in 0.0005 seconds. Added 1 classes and 2 folders.
[2017.06.22-12.43.27:353][  0]LogCrashTracker: Crashtracker disabled due to settings.
[2017.06.22-12.43.27:722][  0]LogTexture:Display: Criando texturas: Blueprint_64x (BGRA8)
[2017.06.22-12.43.27:778][  0]LogTexture:Display: Criando texturas: icon_Editor_Preferences_General_40x (BGRA8)
[2017.06.22-12.43.27:858][  0]LogTexture:Display: Criando texturas: Paper2DSprite_TutorialIcon (BGRA8)
[2017.06.22-12.43.27:862][  0]LogDerivedDataCache: FFileSystemDerivedDataBackend: Move collision, attempt at redundant update, OK C:/Users/logonrm/AppData/Local/UnrealEngine/Common/DerivedDataCache/0/1/7/TEXTURE_814DCC3DC72143F49509781513CB9855_BGRA8_70FBE2144E9E03B3586828844F8F9E3__AAD3CE188F72F692D5AA9967E2CA3DEDA43A777F.udd.
[2017.06.22-12.43.27:862][  0]LogTexture:Display: Criando texturas: icon_ShowSkeletalMeshes_40x (BGRA8)
[2017.06.22-12.43.27:868][  0]LogTexture:Display: Criando texturas: Landscape (BGRA8)
[2017.06.22-12.43.27:881][  0]LogTexture:Display: Criando texturas: Foliage (BGRA8)
[2017.06.22-12.43.28:332][  0]LogContentBrowser: Native class hierarchy updated for 'HierarchicalLODOutliner' in 0.0007 seconds. Added 1 classes and 2 folders.
[2017.06.22-12.43.28:332][  0]LogLoad: (Engine Initialization) Total time: 358.23 seconds
[2017.06.22-12.43.28:332][  0]LogLoad: (Engine Initialization) Total Blueprint compile time: 2.84 seconds
[2017.06.22-12.43.28:332][  0]LogExternalProfiler: Found external profiler: VSPerf
[2017.06.22-12.43.28:332][  0]LogExternalProfiler: Using external profiler: VSPerf
[2017.06.22-12.43.28:672][  0]LogOcInput: OculusInput pre-init called
[2017.06.22-12.43.28:896][  0]LogContentStreaming: Texture pool size now 1000 MB
[2017.06.22-12.43.29:125][  0]LogTexture:Display: Criando texturas: icon_tab_Levels_40x (BGRA8)
[2017.06.22-12.43.29:352][  0]LogDerivedDataCache: FFileSystemDerivedDataBackend: Move collision, attempt at redundant update, OK C:/Users/logonrm/AppData/Local/UnrealEngine/Common/DerivedDataCache/6/2/6/TEXTURE_814DCC3DC72143F49509781513CB9855_BGRA8_2140CA5B4637C285519D6D91BA9973B__42CF69DB21C149F8C8271914F4141A7EA80E9870.udd.
[2017.06.22-12.43.29:579][  0]LogTexture:Display: Criando texturas: LevelGrid1DStripes (BGRA8)
[2017.06.22-12.43.30:136][  0]LogDerivedDataCache: FFileSystemDerivedDataBackend: Move collision, attempt at redundant update, OK C:/Users/logonrm/AppData/Local/UnrealEngine/Common/DerivedDataCache/2/9/0/TEXTURE_814DCC3DC72143F49509781513CB9855_BGRA8_748D4F054C3030AC8888BEA1993C93A__3CE5BB905F1CC7D022240CF4A01B36E9E7C46A6B.udd.
[2017.06.22-12.43.30:136][  0]LogRenderer: Reallocating scene render targets to support 804x540 NumSamples 1 (Frame:2).
[2017.06.22-12.43.33:177][  1]LogCollectionManager: Rebuilt the object cache for 0 collections in 0.000001 seconds (found 0 objects)
[2017.06.22-12.43.33:660][  2]LogWindows:Warning: FWindowsPlatformSurvey::TickSurveyHardware() failed to parse available memory from dxdiag report
[2017.06.22-12.43.33:732][  2]LogSynthBenchmark:Display: FSynthBenchmark (V0.95):  requested WorkScale=5.00
[2017.06.22-12.43.33:732][  2]LogSynthBenchmark:Display: ===============
[2017.06.22-12.43.33:732][  2]LogSynthBenchmark:Display: Main Processor:
[2017.06.22-12.43.33:963][  2]LogSynthBenchmark:Display:          ... 0.022408 s/Run 'RayIntersect'
[2017.06.22-12.43.33:963][  2]LogSynthBenchmark:Display:          ... 0.023946 s/Run 'Fractal'
[2017.06.22-12.43.33:963][  2]LogSynthBenchmark:Display: 
[2017.06.22-12.43.33:963][  2]LogSynthBenchmark:Display:   CompiledTarget_x_Bits: 64
[2017.06.22-12.43.33:963][  2]LogSynthBenchmark:Display:   UE_BUILD_SHIPPING: 0
[2017.06.22-12.43.33:963][  2]LogSynthBenchmark:Display:   UE_BUILD_TEST: 0
[2017.06.22-12.43.33:963][  2]LogSynthBenchmark:Display:   UE_BUILD_DEBUG: 0
[2017.06.22-12.43.33:963][  2]LogSynthBenchmark:Display:   TotalPhysicalGBRam: 8
[2017.06.22-12.43.33:963][  2]LogSynthBenchmark:Display:   NumberOfCores (physical): 4
[2017.06.22-12.43.33:963][  2]LogSynthBenchmark:Display:   NumberOfCores (logical): 4
[2017.06.22-12.43.33:963][  2]LogSynthBenchmark:Display:   CPU Perf Index 0: 114.3 (weight 1.00)
[2017.06.22-12.43.33:963][  2]LogSynthBenchmark:Display:   CPU Perf Index 1: 119.4 (weight 1.50)
[2017.06.22-12.43.33:963][  2]LogSynthBenchmark:Display:  
[2017.06.22-12.43.33:963][  2]LogSynthBenchmark:Display: Graphics:
[2017.06.22-12.43.33:963][  2]LogSynthBenchmark:Display:   Adapter Name: 'Intel(R) HD Graphics 4600'
[2017.06.22-12.43.33:963][  2]LogSynthBenchmark:Display:   (On Optimus the name might be wrong, memory should be ok)
[2017.06.22-12.43.33:964][  2]LogSynthBenchmark:Display:   Vendor Id: 0x8086
[2017.06.22-12.43.33:964][  2]LogSynthBenchmark:Display:   Device Id: 0x412
[2017.06.22-12.43.33:964][  2]LogSynthBenchmark:Display:   Device Revision: 0x6
[2017.06.22-12.43.33:964][  2]LogSynthBenchmark:Display:   GPU Memory: 128/0/1792 MB
[2017.06.22-12.43.34:161][  2]LogSynthBenchmark:Display:   GPU first test: 0.06s
[2017.06.22-12.43.34:161][  2]LogSynthBenchmark:Display:          ... 0.326 s/GigaPix, Confidence=89% 'ALUHeavyNoise' (likely to be very inaccurate)
[2017.06.22-12.43.34:161][  2]LogSynthBenchmark:Display:          ... 0.232 s/GigaPix, Confidence=100% 'TexHeavy' (likely to be very inaccurate)
[2017.06.22-12.43.34:161][  2]LogSynthBenchmark:Display:          ... 0.220 s/GigaPix, Confidence=100% 'DepTexHeavy' (likely to be very inaccurate)
[2017.06.22-12.43.34:161][  2]LogSynthBenchmark:Display:          ... 0.918 s/GigaPix, Confidence=100% 'FillOnly' (likely to be very inaccurate)
[2017.06.22-12.43.34:161][  2]LogSynthBenchmark:Display:          ... 0.062 s/GigaPix, Confidence=100% 'Bandwidth' (likely to be very inaccurate)
[2017.06.22-12.43.34:161][  2]LogSynthBenchmark:Display:          ... 0.271 s/GigaVert, Confidence=100% 'VertThroughPut1' (likely to be very inaccurate)
[2017.06.22-12.43.34:161][  2]LogSynthBenchmark:Display:          ... 0.544 s/GigaVert, Confidence=89% 'VertThroughPut2' (likely to be very inaccurate)
[2017.06.22-12.43.34:761][  2]LogSynthBenchmark:Display:   GPU second test: 0.48s
[2017.06.22-12.43.34:761][  2]LogSynthBenchmark:Display:          ... 0.635 s/GigaPix, Confidence=100% 'ALUHeavyNoise' (likely to be inaccurate)
[2017.06.22-12.43.34:761][  2]LogSynthBenchmark:Display:          ... 0.423 s/GigaPix, Confidence=100% 'TexHeavy' (likely to be inaccurate)
[2017.06.22-12.43.34:761][  2]LogSynthBenchmark:Display:          ... 0.384 s/GigaPix, Confidence=89% 'DepTexHeavy' (likely to be inaccurate)
[2017.06.22-12.43.34:761][  2]LogSynthBenchmark:Display:          ... 2.952 s/GigaPix, Confidence=89% 'FillOnly' (likely to be inaccurate)
[2017.06.22-12.43.34:761][  2]LogSynthBenchmark:Display:          ... 0.098 s/GigaPix, Confidence=100% 'Bandwidth' (likely to be inaccurate)
[2017.06.22-12.43.34:761][  2]LogSynthBenchmark:Display:          ... 0.281 s/GigaVert, Confidence=89% 'VertThroughPut1' (likely to be inaccurate)
[2017.06.22-12.43.34:761][  2]LogSynthBenchmark:Display:          ... 0.871 s/GigaVert, Confidence=81% 'VertThroughPut2' (likely to be inaccurate)
[2017.06.22-12.43.34:761][  2]LogSynthBenchmark:Display:   GPU Final Results:
[2017.06.22-12.43.34:761][  2]LogSynthBenchmark:Display:          ... 0.635 s/GigaPix, Confidence=100% 'ALUHeavyNoise'
[2017.06.22-12.43.34:761][  2]LogSynthBenchmark:Display:          ... 0.423 s/GigaPix, Confidence=100% 'TexHeavy'
[2017.06.22-12.43.34:761][  2]LogSynthBenchmark:Display:          ... 0.384 s/GigaPix, Confidence=89% 'DepTexHeavy'
[2017.06.22-12.43.34:761][  2]LogSynthBenchmark:Display:          ... 2.952 s/GigaPix, Confidence=89% 'FillOnly'
[2017.06.22-12.43.34:761][  2]LogSynthBenchmark:Display:          ... 0.098 s/GigaPix, Confidence=100% 'Bandwidth'
[2017.06.22-12.43.34:761][  2]LogSynthBenchmark:Display:          ... 0.281 s/GigaVert, Confidence=89% 'VertThroughPut1'
[2017.06.22-12.43.34:761][  2]LogSynthBenchmark:Display:          ... 0.871 s/GigaVert, Confidence=81% 'VertThroughPut2'
[2017.06.22-12.43.34:761][  2]LogSynthBenchmark:Display: 
[2017.06.22-12.43.34:761][  2]LogSynthBenchmark:Display:   GPU Perf Index 0: 13.8 (weight 1.00)
[2017.06.22-12.43.34:761][  2]LogSynthBenchmark:Display:   GPU Perf Index 1: 5.7 (weight 0.10)
[2017.06.22-12.43.34:761][  2]LogSynthBenchmark:Display:   GPU Perf Index 2: 10.0 (weight 0.10)
[2017.06.22-12.43.34:761][  2]LogSynthBenchmark:Display:   GPU Perf Index 3: 11.6 (weight 3.00)
[2017.06.22-12.43.34:761][  2]LogSynthBenchmark:Display:   GPU Perf Index 4: 9.1 (weight 1.00)
[2017.06.22-12.43.34:761][  2]LogSynthBenchmark:Display:   GPU Perf Index 5: 18.3 (weight 0.00)
[2017.06.22-12.43.34:761][  2]LogSynthBenchmark:Display:   GPU Perf Index 6: 49.3 (weight 0.00)
[2017.06.22-12.43.34:761][  2]LogSynthBenchmark:Display:   CPUIndex: 117.4
[2017.06.22-12.43.34:761][  2]LogSynthBenchmark:Display:   GPUIndex: 11.4
[2017.06.22-12.43.34:761][  2]LogSynthBenchmark:Display: 
[2017.06.22-12.43.34:761][  2]LogSynthBenchmark:Display:          ... Total Time: 1.029083 sec
[2017.06.22-12.43.36:031][  5]LogAssetRegistry: Asset discovery search completed in 211.8520 seconds
[2017.06.22-12.43.36:031][  5]LogCollectionManager: Fixed up redirectors for 0 collections in 0.000002 seconds (updated 0 objects)
[2017.06.22-12.44.24:510][145]LogWindowsTextInputMethodSystem:Display: IME system now deactivated.
[2017.06.22-12.44.26:854][146]Cmd: QUIT_EDITOR
[2017.06.22-12.44.28:652][146]LogExit: Preparing to exit.
[2017.06.22-12.44.31:653][146]LogDirectoryWatcher: A directory notification for 'C:/Users/logonrm/Desktop/New folder/CatchACoin/Content/' was aborted.
[2017.06.22-12.44.33:055][146]LogExit: Editor shut down
[2017.06.22-12.44.33:056][146]LogExit: Transaction tracking system shut down
[2017.06.22-12.44.37:047][146]LogObj: Freed 0b from 0 cluster array pools.
[2017.06.22-12.44.37:054][146]LogExit: Object subsystem successfully closed.
[2017.06.22-12.44.37:478][146]LogD3D11RHI: Shutdown
[2017.06.22-12.44.37:501][146]LogD3D11RHI: CleanupD3DDevice
[2017.06.22-12.44.40:804][146]LogD3D11RHI: ~FD3D11DynamicRHI
[2017.06.22-12.44.42:299][146]LogHttp:Display: Http module shutting down, but needs to wait on 1 outstanding Http requests:
[2017.06.22-12.44.42:299][146]LogHttp:Display: 	verb=[POST] url=[https://datarouter.ol.epicgames.com/datarouter/api/v1/public/data?SessionID=%7B990747B3-4298-C123-F57E-A9B287075097%7D&AppID=UEEditor.Rocket.Release&AppVersion=4.14.0-3195953%2B%2B%2BUE4%2BRelease-4.14&UserID=81556fb14e661a889c73f2ae306db1d0%7C32817dd938d74085a6e9cf9101ee819e%7Cfd6d93dc-b64a-42b7-ae49-f801ef7abce4&AppEnvironment=datacollector-binary&UploadType=eteventstream] status=Processing
[2017.06.22-12.44.42:562][146]LogModuleManager: Shutting down and abandoning module SynthBenchmark (242)
[2017.06.22-12.44.42:562][146]LogModuleManager: Shutting down and abandoning module HierarchicalLODOutliner (241)
[2017.06.22-12.44.42:584][146]LogModuleManager: Shutting down and abandoning module CrashTracker (240)
[2017.06.22-12.44.42:584][146]LogModuleManager: Shutting down and abandoning module SceneOutliner (239)
[2017.06.22-12.44.42:613][146]LogModuleManager: Shutting down and abandoning module WidgetCarousel (238)
[2017.06.22-12.44.42:613][146]LogModuleManager: Shutting down and abandoning module AddContentDialog (237)
[2017.06.22-12.44.42:647][146]LogDirectoryWatcher: A directory notification for 'C:/Program Files (x86)/Epic Games/4.14/FeaturePacks/' was aborted.
[2017.06.22-12.44.42:648][146]LogModuleManager: Shutting down and abandoning module GameplayTags (236)
[2017.06.22-12.44.42:648][146]LogModuleManager: Shutting down and abandoning module EditorWidgets (235)
[2017.06.22-12.44.42:648][146]LogModuleManager: Shutting down and abandoning module CollectionManager (234)
[2017.06.22-12.44.42:684][146]LogDirectoryWatcher: A directory notification for 'C:/Users/logonrm/Desktop/New folder/CatchACoin/Content/Collections/' was aborted.
[2017.06.22-12.44.42:684][146]LogDirectoryWatcher: A directory notification for 'C:/Users/logonrm/Desktop/New folder/CatchACoin/Content/Developers/logonrm/Collections/' was aborted.
[2017.06.22-12.44.42:684][146]LogDirectoryWatcher: A directory notification for 'C:/Users/logonrm/Desktop/New folder/CatchACoin/Saved/Collections/' was aborted.
[2017.06.22-12.44.42:684][146]LogModuleManager: Shutting down and abandoning module StatsViewer (233)
[2017.06.22-12.44.42:734][146]LogModuleManager: Shutting down and abandoning module FoliageEdit (232)
[2017.06.22-12.44.42:743][146]LogModuleManager: Shutting down and abandoning module LandscapeEditor (231)
[2017.06.22-12.44.42:822][146]LogModuleManager: Shutting down and abandoning module SceneDepthPickerMode (230)
[2017.06.22-12.44.42:822][146]LogModuleManager: Shutting down and abandoning module ActorPickerMode (229)
[2017.06.22-12.44.42:822][146]LogModuleManager: Shutting down and abandoning module GeometryMode (228)
[2017.06.22-12.44.42:822][146]LogModuleManager: Shutting down and abandoning module TextureAlignMode (227)
[2017.06.22-12.44.42:822][146]LogModuleManager: Shutting down and abandoning module BspMode (226)
[2017.06.22-12.44.42:831][146]LogModuleManager: Shutting down and abandoning module HardwareSurvey (225)
[2017.06.22-12.44.42:831][146]LogModuleManager: Shutting down and abandoning module SequenceRecorderSections (224)
[2017.06.22-12.44.42:831][146]LogModuleManager: Shutting down and abandoning module AutomationWorker (223)
[2017.06.22-12.44.42:833][146]LogModuleManager: Shutting down and abandoning module MatineeToLevelSequence (222)
[2017.06.22-12.44.42:833][146]LogModuleManager: Shutting down and abandoning module PlacementMode (221)
[2017.06.22-12.44.42:844][146]LogModuleManager: Shutting down and abandoning module LevelSequenceEditor (220)
[2017.06.22-12.44.42:865][146]LogModuleManager: Shutting down and abandoning module WmfMediaFactory (219)
[2017.06.22-12.44.42:865][146]LogModuleManager: Shutting down and abandoning module WmfMediaEditor (218)
[2017.06.22-12.44.42:865][146]LogModuleManager: Shutting down and abandoning module AvfMediaFactory (217)
[2017.06.22-12.44.42:865][146]LogModuleManager: Shutting down and abandoning module AvfMediaEditor (216)
[2017.06.22-12.44.42:866][146]LogModuleManager: Shutting down and abandoning module Media (215)
[2017.06.22-12.44.42:866][146]LogModuleManager: Shutting down and abandoning module AndroidMediaFactory (214)
[2017.06.22-12.44.42:866][146]LogModuleManager: Shutting down and abandoning module AndroidMediaEditor (213)
[2017.06.22-12.44.42:866][146]LogModuleManager: Shutting down and abandoning module CharacterAI (212)
[2017.06.22-12.44.42:866][146]LogModuleManager: Shutting down and abandoning module SequenceRecorder (211)
[2017.06.22-12.44.43:020][146]LogModuleManager: Shutting down and abandoning module AudioCapture (210)
[2017.06.22-12.44.43:020][146]LogModuleManager: Shutting down and abandoning module SmartSnapping (209)
[2017.06.22-12.44.43:020][146]LogModuleManager: Shutting down and abandoning module SessionServices (208)
[2017.06.22-12.44.43:020][146]LogModuleManager: Shutting down and abandoning module ViewportSnapping (207)
[2017.06.22-12.44.43:020][146]LogModuleManager: Shutting down and abandoning module ViewportInteraction (206)
[2017.06.22-12.44.43:020][146]LogModuleManager: Shutting down and abandoning module LogVisualizer (205)
[2017.06.22-12.44.43:085][146]LogModuleManager: Shutting down and abandoning module GameProjectGeneration (204)
[2017.06.22-12.44.43:162][146]LogModuleManager: Shutting down and abandoning module IntroTutorials (203)
[2017.06.22-12.44.43:195][146]LogModuleManager: Shutting down and abandoning module EditorLiveStreaming (202)
[2017.06.22-12.44.43:195][146]LogModuleManager: Shutting down and abandoning module IOSPlatformEditor (201)
[2017.06.22-12.44.43:230][146]LogModuleManager: Shutting down and abandoning module HTML5PlatformEditor (200)
[2017.06.22-12.44.43:230][146]LogModuleManager: Shutting down and abandoning module AndroidDeviceDetection (199)
[2017.06.22-12.44.43:909][146]LogModuleManager: Shutting down and abandoning module AndroidPlatformEditor (198)
[2017.06.22-12.44.43:945][146]LogModuleManager: Shutting down and abandoning module IOSRuntimeSettings (197)
[2017.06.22-12.44.43:945][146]LogModuleManager: Shutting down and abandoning module AndroidRuntimeSettings (196)
[2017.06.22-12.44.43:945][146]LogModuleManager: Shutting down and abandoning module InputBindingEditor (195)
[2017.06.22-12.44.43:954][146]LogModuleManager: Shutting down and abandoning module NiagaraEditor (194)
[2017.06.22-12.44.43:981][146]LogModuleManager: Shutting down and abandoning module MergeActors (193)
[2017.06.22-12.44.44:020][146]LogModuleManager: Shutting down and abandoning module SizeMap (192)
[2017.06.22-12.44.44:083][146]LogModuleManager: Shutting down and abandoning module TreeMap (191)
[2017.06.22-12.44.44:141][146]LogModuleManager: Shutting down and abandoning module ReferenceViewer (190)
[2017.06.22-12.44.44:141][146]LogModuleManager: Shutting down and abandoning module LocalizationService (189)
[2017.06.22-12.44.44:148][146]LogModuleManager: Shutting down and abandoning module LocalizationDashboard (188)
[2017.06.22-12.44.44:169][146]LogModuleManager: Shutting down and abandoning module HardwareTargeting (187)
[2017.06.22-12.44.44:169][146]LogModuleManager: Shutting down and abandoning module DeviceProfileEditor (186)
[2017.06.22-12.44.44:216][146]LogModuleManager: Shutting down and abandoning module UndoHistory (185)
[2017.06.22-12.44.44:245][146]LogModuleManager: Shutting down and abandoning module UserFeedback (184)
[2017.06.22-12.44.44:245][146]LogModuleManager: Shutting down and abandoning module XmlParser (183)
[2017.06.22-12.44.44:245][146]LogModuleManager: Shutting down and abandoning module Blutility (182)
[2017.06.22-12.44.44:248][146]LogModuleManager: Shutting down and abandoning module ProjectTargetPlatformEditor (181)
[2017.06.22-12.44.44:248][146]LogModuleManager: Shutting down and abandoning module ProjectSettingsViewer (180)
[2017.06.22-12.44.44:248][146]LogModuleManager: Shutting down and abandoning module EditorSettingsViewer (179)
[2017.06.22-12.44.44:248][146]LogModuleManager: Shutting down and abandoning module SettingsEditor (178)
[2017.06.22-12.44.44:289][146]LogModuleManager: Shutting down and abandoning module ProjectLauncher (177)
[2017.06.22-12.44.44:363][146]LogModuleManager: Shutting down and abandoning module SessionFrontend (176)
[2017.06.22-12.44.44:395][146]LogModuleManager: Shutting down and abandoning module ProfilerClient (175)
[2017.06.22-12.44.44:403][146]LogModuleManager: Shutting down and abandoning module TargetDeviceServices (174)
[2017.06.22-12.44.44:430][146]LogModuleManager: Shutting down and abandoning module DeviceManager (173)
[2017.06.22-12.44.44:538][146]LogModuleManager: Shutting down and abandoning module AutomationController (172)
[2017.06.22-12.44.44:578][146]LogModuleManager: Shutting down and abandoning module AutomationWindow (171)
[2017.06.22-12.44.44:617][146]LogModuleManager: Shutting down and abandoning module Layers (170)
[2017.06.22-12.44.44:698][146]LogModuleManager: Shutting down and abandoning module ComponentVisualizers (169)
[2017.06.22-12.44.44:698][146]LogModuleManager: Shutting down and abandoning module DetailCustomizations (168)
[2017.06.22-12.44.44:796][146]LogModuleManager: Shutting down and abandoning module PackagesDialog (167)
[2017.06.22-12.44.44:830][146]LogModuleManager: Shutting down and abandoning module AnimGraph (166)
[2017.06.22-12.44.44:830][146]LogModuleManager: Shutting down and abandoning module Persona (165)
[2017.06.22-12.44.44:840][146]LogModuleManager: Shutting down and abandoning module Kismet (164)
[2017.06.22-12.44.44:844][146]LogModuleManager: Shutting down and abandoning module GraphEditor (163)
[2017.06.22-12.44.44:844][146]LogModuleManager: Shutting down and abandoning module ClassViewer (162)
[2017.06.22-12.44.44:869][146]LogModuleManager: Shutting down and abandoning module Toolbox (161)
[2017.06.22-12.44.44:913][146]LogModuleManager: Shutting down and abandoning module ModuleUI (160)
[2017.06.22-12.44.44:952][146]LogModuleManager: Shutting down and abandoning module MovieSceneTools (159)
[2017.06.22-12.44.44:979][146]LogModuleManager: Shutting down and abandoning module OutputLog (158)
[2017.06.22-12.44.44:987][146]LogModuleManager: Shutting down and abandoning module GammaUI (157)
[2017.06.22-12.44.45:017][146]LogModuleManager: Shutting down and abandoning module Documentation (156)
[2017.06.22-12.44.45:017][146]LogModuleManager: Shutting down and abandoning module Niagara (155)
[2017.06.22-12.44.45:017][146]LogModuleManager: Shutting down and abandoning module StreamingPauseRendering (154)
[2017.06.22-12.44.45:017][146]LogModuleManager: Shutting down and abandoning module AnalyticsET (153)
[2017.06.22-12.44.45:017][146]LogModuleManager: Shutting down and abandoning module PortalServices (152)
[2017.06.22-12.44.45:017][146]LogModuleManager: Shutting down and abandoning module PortalRpc (151)
[2017.06.22-12.44.45:017][146]LogModuleManager: Shutting down and abandoning module MessagingRpc (150)
[2017.06.22-12.44.45:017][146]LogModuleManager: Shutting down and abandoning module GameplayDebugger (149)
[2017.06.22-12.44.45:049][146]LogModuleManager: Shutting down and abandoning module AITestSuite (148)
[2017.06.22-12.44.45:052][146]LogModuleManager: Shutting down and abandoning module AIModule (147)
[2017.06.22-12.44.45:052][146]LogModuleManager: Shutting down and abandoning module ProfilerService (146)
[2017.06.22-12.44.45:171][146]LogModuleManager: Shutting down and abandoning module TaskGraph (145)
[2017.06.22-12.44.45:262][146]LogModuleManager: Shutting down and abandoning module SlateRemote (144)
[2017.06.22-12.44.45:262][146]LogModuleManager: Shutting down and abandoning module SteamVRController (143)
[2017.06.22-12.44.45:262][146]LogModuleManager: Shutting down and abandoning module SteamVR (142)
[2017.06.22-12.44.45:262][146]LogModuleManager: Shutting down and abandoning module ProceduralMeshComponentEditor (141)
[2017.06.22-12.44.45:262][146]LogModuleManager: Shutting down and abandoning module ProceduralMeshComponent (140)
[2017.06.22-12.44.45:262][146]LogModuleManager: Shutting down and abandoning module OculusLibrary (139)
[2017.06.22-12.44.45:262][146]LogModuleManager: Shutting down and abandoning module OculusInput (138)
[2017.06.22-12.44.45:262][146]LogModuleManager: Shutting down and abandoning module MobilePatchingUtils (137)
[2017.06.22-12.44.45:262][146]LogModuleManager: Shutting down and abandoning module CustomMeshComponent (136)
[2017.06.22-12.44.45:262][146]LogModuleManager: Shutting down and abandoning module CableComponent (135)
[2017.06.22-12.44.45:262][146]LogModuleManager: Shutting down and abandoning module ArchVisCharacter (134)
[2017.06.22-12.44.45:262][146]LogModuleManager: Shutting down and abandoning module MediaPlayerEditor (132)
[2017.06.22-12.44.45:329][146]LogModuleManager: Shutting down and abandoning module HTML5Networking (131)
[2017.06.22-12.44.45:329][146]LogModuleManager: Shutting down and abandoning module GeometryCacheEd (130)
[2017.06.22-12.44.45:329][146]LogModuleManager: Shutting down and abandoning module GeometryCache (129)
[2017.06.22-12.44.45:329][146]LogModuleManager: Shutting down and abandoning module AlembicLibrary (128)
[2017.06.22-12.44.45:329][146]LogModuleManager: Shutting down and abandoning module AlembicImporter (127)
[2017.06.22-12.44.45:329][146]LogModuleManager: Shutting down and abandoning module SuperSearch (126)
[2017.06.22-12.44.45:329][146]LogModuleManager: Shutting down and abandoning module SuperSearchEditor (125)
[2017.06.22-12.44.45:329][146]LogModuleManager: Shutting down and abandoning module SpeedTreeImporter (124)
[2017.06.22-12.44.45:329][146]LogModuleManager: Shutting down and abandoning module PluginBrowser (123)
[2017.06.22-12.44.45:359][146]LogModuleManager: Shutting down and abandoning module MobileLauncherProfileWizard (122)
[2017.06.22-12.44.45:359][146]LogModuleManager: Shutting down and abandoning module EpicSurvey (121)
[2017.06.22-12.44.45:359][146]LogModuleManager: Shutting down and abandoning module DesktopPlatform (120)
[2017.06.22-12.44.45:396][146]LogModuleManager: Shutting down and abandoning module VisualStudioSourceCodeAccess (119)
[2017.06.22-12.44.45:396][146]LogModuleManager: Shutting down and abandoning module UObjectPlugin (118)
[2017.06.22-12.44.45:396][146]LogModuleManager: Shutting down and abandoning module SubversionSourceControl (117)
[2017.06.22-12.44.45:396][146]LogModuleManager: Shutting down and abandoning module PerforceSourceControl (116)
[2017.06.22-12.44.45:433][146]LogModuleManager: Shutting down and abandoning module SourceControl (115)
[2017.06.22-12.44.45:433][146]LogModuleManager: Shutting down and abandoning module GitSourceControl (114)
[2017.06.22-12.44.45:433][146]LogModuleManager: Shutting down and abandoning module LightPropagationVolumeEditor (113)
[2017.06.22-12.44.45:433][146]LogModuleManager: Shutting down and abandoning module PaperTiledImporter (112)
[2017.06.22-12.44.45:433][146]LogModuleManager: Shutting down and abandoning module PaperSpriteSheetImporter (111)
[2017.06.22-12.44.45:433][146]LogModuleManager: Shutting down and abandoning module MeshPaint (110)
[2017.06.22-12.44.45:433][146]LogModuleManager: Shutting down and abandoning module PixelInspectorModule (109)
[2017.06.22-12.44.45:447][146]LogModuleManager: Shutting down and abandoning module HotReload (108)
[2017.06.22-12.44.45:447][146]LogModuleManager: Shutting down and abandoning module MainFrame (107)
[2017.06.22-12.44.45:447][146]LogModuleManager: Shutting down and abandoning module LevelEditor (106)
[2017.06.22-12.44.45:496][146]LogModuleManager: Shutting down and abandoning module ContentBrowser (105)
[2017.06.22-12.44.45:497][146]LogModuleManager: Shutting down and abandoning module Paper2DEditor (104)
[2017.06.22-12.44.45:577][146]LogModuleManager: Shutting down and abandoning module UdpMessaging (103)
[2017.06.22-12.44.45:678][146]LogModuleManager: Shutting down and abandoning module TcpMessaging (102)
[2017.06.22-12.44.45:779][146]LogModuleManager: Shutting down and abandoning module LightPropagationVolumeRuntime (101)
[2017.06.22-12.44.45:779][146]LogModuleManager: Shutting down and abandoning module Paper2D (100)
[2017.06.22-12.44.45:795][146]LogModuleManager: Shutting down and abandoning module WindowsMoviePlayer (99)
[2017.06.22-12.44.45:795][146]LogModuleManager: Shutting down and abandoning module WmfMedia (98)
[2017.06.22-12.44.45:795][146]LogModuleManager: Shutting down and abandoning module MediaAssets (97)
[2017.06.22-12.44.45:795][146]LogModuleManager: Shutting down and abandoning module GameLiveStreaming (96)
[2017.06.22-12.44.45:795][146]LogModuleManager: Shutting down and abandoning module GameplayTagsEditor (95)
[2017.06.22-12.44.45:795][146]LogModuleManager: Shutting down and abandoning module VREditor (94)
[2017.06.22-12.44.45:795][146]LogModuleManager: Shutting down and abandoning module GameplayTasksEditor (93)
[2017.06.22-12.44.45:795][146]LogModuleManager: Shutting down and abandoning module BehaviorTreeEditor (92)
[2017.06.22-12.44.45:884][146]LogModuleManager: Shutting down and abandoning module FunctionalTesting (91)
[2017.06.22-12.44.45:917][146]LogModuleManager: Shutting down and abandoning module CollisionAnalyzer (90)
[2017.06.22-12.44.45:973][146]LogModuleManager: Shutting down and abandoning module Sequencer (89)
[2017.06.22-12.44.46:006][146]LogModuleManager: Shutting down and abandoning module WorkspaceMenuStructure (88)
[2017.06.22-12.44.46:006][146]LogModuleManager: Shutting down and abandoning module MessageLog (87)
[2017.06.22-12.44.46:006][146]LogModuleManager: Shutting down and abandoning module AssetTools (86)
[2017.06.22-12.44.46:043][146]LogModuleManager: Shutting down and abandoning module UMGEditor (85)
[2017.06.22-12.44.46:195][146]LogModuleManager: Shutting down and abandoning module UMG (84)
[2017.06.22-12.44.46:196][146]LogModuleManager: Shutting down and abandoning module SlateReflector (83)
[2017.06.22-12.44.46:233][146]LogModuleManager: Shutting down and abandoning module Slate (82)
[2017.06.22-12.44.46:233][146]LogModuleManager: Shutting down and abandoning module EditorStyle (81)
[2017.06.22-12.44.46:238][146]LogModuleManager: Shutting down and abandoning module SourceCodeAccess (80)
[2017.06.22-12.44.46:238][146]LogModuleManager: Shutting down and abandoning module HeadMountedDisplay (79)
[2017.06.22-12.44.46:238][146]LogModuleManager: Shutting down and abandoning module XAudio2 (78)
[2017.06.22-12.44.46:260][146]LogModuleManager: Shutting down and abandoning module Networking (76)
[2017.06.22-12.44.46:260][146]LogModuleManager: Shutting down and abandoning module Core (75)
[2017.06.22-12.44.46:260][146]LogModuleManager: Shutting down and abandoning module DirectoryWatcher (74)
[2017.06.22-12.44.46:261][146]LogDirectoryWatcher: A directory notification for '../../../Engine/Content/' was aborted.
[2017.06.22-12.44.46:261][146]LogDirectoryWatcher: A directory notification for '../../../../../../Users/logonrm/Desktop/New folder/CatchACoin/Content/' was aborted.
[2017.06.22-12.44.46:261][146]LogDirectoryWatcher: A directory notification for '../../../Engine/Plugins/2D/Paper2D/Content/' was aborted.
[2017.06.22-12.44.46:261][146]LogModuleManager: Shutting down and abandoning module AssetRegistry (73)
[2017.06.22-12.44.46:491][146]LogModuleManager: Shutting down and abandoning module KismetCompiler (72)
[2017.06.22-12.44.46:491][146]LogModuleManager: Shutting down and abandoning module PhysXFormats (71)
[2017.06.22-12.44.46:491][146]LogModuleManager: Shutting down and abandoning module SimplygonSwarm (70)
[2017.06.22-12.44.46:536][146]LogModuleManager: Shutting down and abandoning module SimplygonMeshReduction (69)
[2017.06.22-12.44.46:571][146]LogModuleManager: Shutting down and abandoning module QuadricMeshReduction (68)
[2017.06.22-12.44.46:571][146]LogModuleManager: Shutting down and abandoning module PropertyEditor (67)
[2017.06.22-12.44.46:571][146]LogModuleManager: Shutting down and abandoning module MeshUtilities (66)
[2017.06.22-12.44.46:580][146]LogModuleManager: Shutting down and abandoning module DerivedDataCache (65)
[2017.06.22-12.44.46:635][146]LogDerivedDataCache: Shutdown
[2017.06.22-12.44.46:635][146]LogModuleManager: Shutting down and abandoning module VulkanShaderFormat (64)
[2017.06.22-12.44.46:638][146]LogModuleManager: Shutting down and abandoning module ShaderFormatOpenGL (63)
[2017.06.22-12.44.46:666][146]LogModuleManager: Shutting down and abandoning module ShaderFormatD3D (62)
[2017.06.22-12.44.46:666][146]LogModuleManager: Shutting down and abandoning module MetalShaderFormat (61)
[2017.06.22-12.44.46:724][146]LogModuleManager: Shutting down and abandoning module TextureFormatUncompressed (60)
[2017.06.22-12.44.46:724][146]LogModuleManager: Shutting down and abandoning module TextureFormatPVR (59)
[2017.06.22-12.44.46:724][146]LogModuleManager: Shutting down and abandoning module TextureFormatDXT (58)
[2017.06.22-12.44.46:724][146]LogModuleManager: Shutting down and abandoning module TextureFormatIntelISPCTexComp (57)
[2017.06.22-12.44.46:779][146]LogModuleManager: Shutting down and abandoning module ImageWrapper (56)
[2017.06.22-12.44.46:779][146]LogModuleManager: Shutting down and abandoning module TextureFormatASTC (55)
[2017.06.22-12.44.46:779][146]LogModuleManager: Shutting down and abandoning module TextureFormatAndroid (54)
[2017.06.22-12.44.46:779][146]LogModuleManager: Shutting down and abandoning module AudioFormatOpus (53)
[2017.06.22-12.44.46:805][146]LogModuleManager: Shutting down and abandoning module AudioFormatOgg (52)
[2017.06.22-12.44.46:805][146]LogModuleManager: Shutting down and abandoning module AudioFormatADPCM (51)
[2017.06.22-12.44.46:805][146]LogModuleManager: Shutting down and abandoning module LinuxTargetPlatform (50)
[2017.06.22-12.44.46:805][146]LogModuleManager: Shutting down and abandoning module LinuxServerTargetPlatform (49)
[2017.06.22-12.44.46:805][146]LogModuleManager: Shutting down and abandoning module LinuxNoEditorTargetPlatform (48)
[2017.06.22-12.44.46:805][146]LogModuleManager: Shutting down and abandoning module LinuxClientTargetPlatform (47)
[2017.06.22-12.44.46:805][146]LogModuleManager: Shutting down and abandoning module TVOSTargetPlatform (46)
[2017.06.22-12.44.46:805][146]LogModuleManager: Shutting down and abandoning module Messaging (45)
[2017.06.22-12.44.46:805][146]LogModuleManager: Shutting down and abandoning module IOSTargetPlatform (44)
[2017.06.22-12.44.46:805][146]LogModuleManager: Shutting down and abandoning module HTML5TargetPlatform (43)
[2017.06.22-12.44.46:805][146]LogModuleManager: Shutting down and abandoning module Android_PVRTCTargetPlatform (42)
[2017.06.22-12.44.46:805][146]LogModuleManager: Shutting down and abandoning module Android_MultiTargetPlatform (41)
[2017.06.22-12.44.46:805][146]LogModuleManager: Shutting down and abandoning module Android_ETC2TargetPlatform (40)
[2017.06.22-12.44.46:805][146]LogModuleManager: Shutting down and abandoning module Android_ETC1TargetPlatform (39)
[2017.06.22-12.44.46:805][146]LogModuleManager: Shutting down and abandoning module Android_DXTTargetPlatform (38)
[2017.06.22-12.44.46:805][146]LogModuleManager: Shutting down and abandoning module Android_ATCTargetPlatform (37)
[2017.06.22-12.44.46:805][146]LogModuleManager: Shutting down and abandoning module Android_ASTCTargetPlatform (36)
[2017.06.22-12.44.46:805][146]LogModuleManager: Shutting down and abandoning module AndroidTargetPlatform (35)
[2017.06.22-12.44.46:805][146]LogModuleManager: Shutting down and abandoning module WindowsTargetPlatform (34)
[2017.06.22-12.44.46:805][146]LogModuleManager: Shutting down and abandoning module WindowsServerTargetPlatform (33)
[2017.06.22-12.44.46:805][146]LogModuleManager: Shutting down and abandoning module WindowsNoEditorTargetPlatform (32)
[2017.06.22-12.44.46:805][146]LogModuleManager: Shutting down and abandoning module WindowsClientTargetPlatform (31)
[2017.06.22-12.44.46:805][146]LogModuleManager: Shutting down and abandoning module MacTargetPlatform (30)
[2017.06.22-12.44.46:805][146]LogModuleManager: Shutting down and abandoning module MacServerTargetPlatform (29)
[2017.06.22-12.44.46:805][146]LogModuleManager: Shutting down and abandoning module MacNoEditorTargetPlatform (28)
[2017.06.22-12.44.46:805][146]LogModuleManager: Shutting down and abandoning module MacClientTargetPlatform (27)
[2017.06.22-12.44.46:805][146]LogModuleManager: Shutting down and abandoning module AllDesktopTargetPlatform (26)
[2017.06.22-12.44.46:805][146]LogModuleManager: Shutting down and abandoning module TargetPlatform (25)
[2017.06.22-12.44.46:805][146]LogModuleManager: Shutting down and abandoning module InputCore (24)
[2017.06.22-12.44.46:805][146]LogModuleManager: Shutting down and abandoning module Settings (23)
[2017.06.22-12.44.46:806][146]LogModuleManager: Shutting down and abandoning module OculusRift (22)
[2017.06.22-12.44.46:806][146]LogModuleManager: Shutting down and abandoning module ExampleDeviceProfileSelector (21)
[2017.06.22-12.44.46:806][146]LogModuleManager: Shutting down and abandoning module OnlineBlueprintSupport (20)
[2017.06.22-12.44.46:806][146]LogModuleManager: Shutting down and abandoning module OnlineSubsystem (18)
[2017.06.22-12.44.46:806][146]LogOnline:Display: Unloading online subsystem: NULL
[2017.06.22-12.44.46:889][146]LogModuleManager: Shutting down and abandoning module SSL (17)
[2017.06.22-12.44.46:890][146]LogModuleManager: Shutting down and abandoning module HTTP (16)
[2017.06.22-12.44.46:890][146]LogModuleManager: Shutting down and abandoning module XMPP (15)
[2017.06.22-12.44.46:954][146]LogModuleManager: Shutting down and abandoning module TextureCompressor (14)
[2017.06.22-12.44.46:954][146]LogModuleManager: Shutting down and abandoning module ShaderCore (13)
[2017.06.22-12.44.46:954][146]LogModuleManager: Shutting down and abandoning module Landscape (12)
[2017.06.22-12.44.46:954][146]LogModuleManager: Shutting down and abandoning module SlateRHIRenderer (11)
[2017.06.22-12.44.47:072][146]LogModuleManager: Shutting down and abandoning module OpenGLDrv (10)
[2017.06.22-12.44.47:111][146]LogModuleManager: Shutting down and abandoning module D3D11RHI (9)
[2017.06.22-12.44.47:111][146]LogModuleManager: Shutting down and abandoning module AnimGraphRuntime (8)
[2017.06.22-12.44.47:139][146]LogModuleManager: Shutting down and abandoning module Renderer (7)
[2017.06.22-12.44.47:139][146]LogModuleManager: Shutting down and abandoning module Engine (6)
[2017.06.22-12.44.47:139][146]LogModuleManager: Shutting down and abandoning module CoreUObject (5)
[2017.06.22-12.44.47:139][146]LogModuleManager: Shutting down and abandoning module NetworkFile (4)
[2017.06.22-12.44.47:147][146]LogModuleManager: Shutting down and abandoning module StreamingFile (3)
[2017.06.22-12.44.47:147][146]LogModuleManager: Shutting down and abandoning module SandboxFile (2)
[2017.06.22-12.44.47:147][146]LogModuleManager: Shutting down and abandoning module PakFile (1)
[2017.06.22-12.44.47:221][146]LogExit: Exiting.
[2017.06.22-12.44.47:258][146]Log file closed, 06/22/17 09:44:47
